   1              		.syntax unified
   2              		.cpu cortex-m4
   3              		.fpu softvfp
   4              		.eabi_attribute 20, 1
   5              		.eabi_attribute 21, 1
   6              		.eabi_attribute 23, 3
   7              		.eabi_attribute 24, 1
   8              		.eabi_attribute 25, 1
   9              		.eabi_attribute 26, 1
  10              		.eabi_attribute 30, 6
  11              		.eabi_attribute 34, 1
  12              		.eabi_attribute 18, 4
  13              		.thumb
  14              		.file	"stm32f4xx_crc.c"
  15              		.text
  16              	.Ltext0:
  17              		.cfi_sections	.debug_frame
  18              		.align	2
  19              		.global	CRC_ResetDR
  20              		.thumb
  21              		.thumb_func
  23              	CRC_ResetDR:
  24              	.LFB110:
  25              		.file 1 "../Libraries/STM32F4xx_StdPeriph_Driver/src/stm32f4xx_crc.c"
   1:../Libraries/STM32F4xx_StdPeriph_Driver/src/stm32f4xx_crc.c **** /**
   2:../Libraries/STM32F4xx_StdPeriph_Driver/src/stm32f4xx_crc.c ****   ******************************************************************************
   3:../Libraries/STM32F4xx_StdPeriph_Driver/src/stm32f4xx_crc.c ****   * @file    stm32f4xx_crc.c
   4:../Libraries/STM32F4xx_StdPeriph_Driver/src/stm32f4xx_crc.c ****   * @author  MCD Application Team
   5:../Libraries/STM32F4xx_StdPeriph_Driver/src/stm32f4xx_crc.c ****   * @version V1.0.0
   6:../Libraries/STM32F4xx_StdPeriph_Driver/src/stm32f4xx_crc.c ****   * @date    30-September-2011
   7:../Libraries/STM32F4xx_StdPeriph_Driver/src/stm32f4xx_crc.c ****   * @brief   This file provides all the CRC firmware functions.
   8:../Libraries/STM32F4xx_StdPeriph_Driver/src/stm32f4xx_crc.c ****   ******************************************************************************
   9:../Libraries/STM32F4xx_StdPeriph_Driver/src/stm32f4xx_crc.c ****   * @attention
  10:../Libraries/STM32F4xx_StdPeriph_Driver/src/stm32f4xx_crc.c ****   *
  11:../Libraries/STM32F4xx_StdPeriph_Driver/src/stm32f4xx_crc.c ****   * THE PRESENT FIRMWARE WHICH IS FOR GUIDANCE ONLY AIMS AT PROVIDING CUSTOMERS
  12:../Libraries/STM32F4xx_StdPeriph_Driver/src/stm32f4xx_crc.c ****   * WITH CODING INFORMATION REGARDING THEIR PRODUCTS IN ORDER FOR THEM TO SAVE
  13:../Libraries/STM32F4xx_StdPeriph_Driver/src/stm32f4xx_crc.c ****   * TIME. AS A RESULT, STMICROELECTRONICS SHALL NOT BE HELD LIABLE FOR ANY
  14:../Libraries/STM32F4xx_StdPeriph_Driver/src/stm32f4xx_crc.c ****   * DIRECT, INDIRECT OR CONSEQUENTIAL DAMAGES WITH RESPECT TO ANY CLAIMS ARISING
  15:../Libraries/STM32F4xx_StdPeriph_Driver/src/stm32f4xx_crc.c ****   * FROM THE CONTENT OF SUCH FIRMWARE AND/OR THE USE MADE BY CUSTOMERS OF THE
  16:../Libraries/STM32F4xx_StdPeriph_Driver/src/stm32f4xx_crc.c ****   * CODING INFORMATION CONTAINED HEREIN IN CONNECTION WITH THEIR PRODUCTS.
  17:../Libraries/STM32F4xx_StdPeriph_Driver/src/stm32f4xx_crc.c ****   *
  18:../Libraries/STM32F4xx_StdPeriph_Driver/src/stm32f4xx_crc.c ****   * <h2><center>&copy; COPYRIGHT 2011 STMicroelectronics</center></h2>
  19:../Libraries/STM32F4xx_StdPeriph_Driver/src/stm32f4xx_crc.c ****   ******************************************************************************
  20:../Libraries/STM32F4xx_StdPeriph_Driver/src/stm32f4xx_crc.c ****   */
  21:../Libraries/STM32F4xx_StdPeriph_Driver/src/stm32f4xx_crc.c **** 
  22:../Libraries/STM32F4xx_StdPeriph_Driver/src/stm32f4xx_crc.c **** /* Includes ------------------------------------------------------------------*/
  23:../Libraries/STM32F4xx_StdPeriph_Driver/src/stm32f4xx_crc.c **** #include "stm32f4xx_crc.h"
  24:../Libraries/STM32F4xx_StdPeriph_Driver/src/stm32f4xx_crc.c **** 
  25:../Libraries/STM32F4xx_StdPeriph_Driver/src/stm32f4xx_crc.c **** /** @addtogroup STM32F4xx_StdPeriph_Driver
  26:../Libraries/STM32F4xx_StdPeriph_Driver/src/stm32f4xx_crc.c ****   * @{
  27:../Libraries/STM32F4xx_StdPeriph_Driver/src/stm32f4xx_crc.c ****   */
  28:../Libraries/STM32F4xx_StdPeriph_Driver/src/stm32f4xx_crc.c **** 
  29:../Libraries/STM32F4xx_StdPeriph_Driver/src/stm32f4xx_crc.c **** /** @defgroup CRC 
  30:../Libraries/STM32F4xx_StdPeriph_Driver/src/stm32f4xx_crc.c ****   * @brief CRC driver modules
  31:../Libraries/STM32F4xx_StdPeriph_Driver/src/stm32f4xx_crc.c ****   * @{
  32:../Libraries/STM32F4xx_StdPeriph_Driver/src/stm32f4xx_crc.c ****   */
  33:../Libraries/STM32F4xx_StdPeriph_Driver/src/stm32f4xx_crc.c **** 
  34:../Libraries/STM32F4xx_StdPeriph_Driver/src/stm32f4xx_crc.c **** /* Private typedef -----------------------------------------------------------*/
  35:../Libraries/STM32F4xx_StdPeriph_Driver/src/stm32f4xx_crc.c **** /* Private define ------------------------------------------------------------*/
  36:../Libraries/STM32F4xx_StdPeriph_Driver/src/stm32f4xx_crc.c **** /* Private macro -------------------------------------------------------------*/
  37:../Libraries/STM32F4xx_StdPeriph_Driver/src/stm32f4xx_crc.c **** /* Private variables ---------------------------------------------------------*/
  38:../Libraries/STM32F4xx_StdPeriph_Driver/src/stm32f4xx_crc.c **** /* Private function prototypes -----------------------------------------------*/
  39:../Libraries/STM32F4xx_StdPeriph_Driver/src/stm32f4xx_crc.c **** /* Private functions ---------------------------------------------------------*/
  40:../Libraries/STM32F4xx_StdPeriph_Driver/src/stm32f4xx_crc.c **** 
  41:../Libraries/STM32F4xx_StdPeriph_Driver/src/stm32f4xx_crc.c **** /** @defgroup CRC_Private_Functions
  42:../Libraries/STM32F4xx_StdPeriph_Driver/src/stm32f4xx_crc.c ****   * @{
  43:../Libraries/STM32F4xx_StdPeriph_Driver/src/stm32f4xx_crc.c ****   */
  44:../Libraries/STM32F4xx_StdPeriph_Driver/src/stm32f4xx_crc.c **** 
  45:../Libraries/STM32F4xx_StdPeriph_Driver/src/stm32f4xx_crc.c **** /**
  46:../Libraries/STM32F4xx_StdPeriph_Driver/src/stm32f4xx_crc.c ****   * @brief  Resets the CRC Data register (DR).
  47:../Libraries/STM32F4xx_StdPeriph_Driver/src/stm32f4xx_crc.c ****   * @param  None
  48:../Libraries/STM32F4xx_StdPeriph_Driver/src/stm32f4xx_crc.c ****   * @retval None
  49:../Libraries/STM32F4xx_StdPeriph_Driver/src/stm32f4xx_crc.c ****   */
  50:../Libraries/STM32F4xx_StdPeriph_Driver/src/stm32f4xx_crc.c **** void CRC_ResetDR(void)
  51:../Libraries/STM32F4xx_StdPeriph_Driver/src/stm32f4xx_crc.c **** {
  26              		.loc 1 51 0
  27              		.cfi_startproc
  28              		@ args = 0, pretend = 0, frame = 0
  29              		@ frame_needed = 1, uses_anonymous_args = 0
  30              		@ link register save eliminated.
  31 0000 80B4     		push	{r7}
  32              	.LCFI0:
  33              		.cfi_def_cfa_offset 4
  34              		.cfi_offset 7, -4
  35 0002 00AF     		add	r7, sp, #0
  36              	.LCFI1:
  37              		.cfi_def_cfa_register 7
  52:../Libraries/STM32F4xx_StdPeriph_Driver/src/stm32f4xx_crc.c ****   /* Reset CRC generator */
  53:../Libraries/STM32F4xx_StdPeriph_Driver/src/stm32f4xx_crc.c ****   CRC->CR = CRC_CR_RESET;
  38              		.loc 1 53 0
  39 0004 034B     		ldr	r3, .L2
  40 0006 4FF00102 		mov	r2, #1
  41 000a 9A60     		str	r2, [r3, #8]
  54:../Libraries/STM32F4xx_StdPeriph_Driver/src/stm32f4xx_crc.c **** }
  42              		.loc 1 54 0
  43 000c BD46     		mov	sp, r7
  44 000e 80BC     		pop	{r7}
  45 0010 7047     		bx	lr
  46              	.L3:
  47 0012 00BF     		.align	2
  48              	.L2:
  49 0014 00300240 		.word	1073885184
  50              		.cfi_endproc
  51              	.LFE110:
  53              		.align	2
  54              		.global	CRC_CalcCRC
  55              		.thumb
  56              		.thumb_func
  58              	CRC_CalcCRC:
  59              	.LFB111:
  55:../Libraries/STM32F4xx_StdPeriph_Driver/src/stm32f4xx_crc.c **** 
  56:../Libraries/STM32F4xx_StdPeriph_Driver/src/stm32f4xx_crc.c **** /**
  57:../Libraries/STM32F4xx_StdPeriph_Driver/src/stm32f4xx_crc.c ****   * @brief  Computes the 32-bit CRC of a given data word(32-bit).
  58:../Libraries/STM32F4xx_StdPeriph_Driver/src/stm32f4xx_crc.c ****   * @param  Data: data word(32-bit) to compute its CRC
  59:../Libraries/STM32F4xx_StdPeriph_Driver/src/stm32f4xx_crc.c ****   * @retval 32-bit CRC
  60:../Libraries/STM32F4xx_StdPeriph_Driver/src/stm32f4xx_crc.c ****   */
  61:../Libraries/STM32F4xx_StdPeriph_Driver/src/stm32f4xx_crc.c **** uint32_t CRC_CalcCRC(uint32_t Data)
  62:../Libraries/STM32F4xx_StdPeriph_Driver/src/stm32f4xx_crc.c **** {
  60              		.loc 1 62 0
  61              		.cfi_startproc
  62              		@ args = 0, pretend = 0, frame = 8
  63              		@ frame_needed = 1, uses_anonymous_args = 0
  64              		@ link register save eliminated.
  65 0018 80B4     		push	{r7}
  66              	.LCFI2:
  67              		.cfi_def_cfa_offset 4
  68              		.cfi_offset 7, -4
  69 001a 83B0     		sub	sp, sp, #12
  70              	.LCFI3:
  71              		.cfi_def_cfa_offset 16
  72 001c 00AF     		add	r7, sp, #0
  73              	.LCFI4:
  74              		.cfi_def_cfa_register 7
  75 001e 7860     		str	r0, [r7, #4]
  63:../Libraries/STM32F4xx_StdPeriph_Driver/src/stm32f4xx_crc.c ****   CRC->DR = Data;
  76              		.loc 1 63 0
  77 0020 054B     		ldr	r3, .L6
  78 0022 7A68     		ldr	r2, [r7, #4]
  79 0024 1A60     		str	r2, [r3, #0]
  64:../Libraries/STM32F4xx_StdPeriph_Driver/src/stm32f4xx_crc.c ****   
  65:../Libraries/STM32F4xx_StdPeriph_Driver/src/stm32f4xx_crc.c ****   return (CRC->DR);
  80              		.loc 1 65 0
  81 0026 044B     		ldr	r3, .L6
  82 0028 1B68     		ldr	r3, [r3, #0]
  66:../Libraries/STM32F4xx_StdPeriph_Driver/src/stm32f4xx_crc.c **** }
  83              		.loc 1 66 0
  84 002a 1846     		mov	r0, r3
  85 002c 07F10C07 		add	r7, r7, #12
  86 0030 BD46     		mov	sp, r7
  87 0032 80BC     		pop	{r7}
  88 0034 7047     		bx	lr
  89              	.L7:
  90 0036 00BF     		.align	2
  91              	.L6:
  92 0038 00300240 		.word	1073885184
  93              		.cfi_endproc
  94              	.LFE111:
  96              		.align	2
  97              		.global	CRC_CalcBlockCRC
  98              		.thumb
  99              		.thumb_func
 101              	CRC_CalcBlockCRC:
 102              	.LFB112:
  67:../Libraries/STM32F4xx_StdPeriph_Driver/src/stm32f4xx_crc.c **** 
  68:../Libraries/STM32F4xx_StdPeriph_Driver/src/stm32f4xx_crc.c **** /**
  69:../Libraries/STM32F4xx_StdPeriph_Driver/src/stm32f4xx_crc.c ****   * @brief  Computes the 32-bit CRC of a given buffer of data word(32-bit).
  70:../Libraries/STM32F4xx_StdPeriph_Driver/src/stm32f4xx_crc.c ****   * @param  pBuffer: pointer to the buffer containing the data to be computed
  71:../Libraries/STM32F4xx_StdPeriph_Driver/src/stm32f4xx_crc.c ****   * @param  BufferLength: length of the buffer to be computed					
  72:../Libraries/STM32F4xx_StdPeriph_Driver/src/stm32f4xx_crc.c ****   * @retval 32-bit CRC
  73:../Libraries/STM32F4xx_StdPeriph_Driver/src/stm32f4xx_crc.c ****   */
  74:../Libraries/STM32F4xx_StdPeriph_Driver/src/stm32f4xx_crc.c **** uint32_t CRC_CalcBlockCRC(uint32_t pBuffer[], uint32_t BufferLength)
  75:../Libraries/STM32F4xx_StdPeriph_Driver/src/stm32f4xx_crc.c **** {
 103              		.loc 1 75 0
 104              		.cfi_startproc
 105              		@ args = 0, pretend = 0, frame = 16
 106              		@ frame_needed = 1, uses_anonymous_args = 0
 107              		@ link register save eliminated.
 108 003c 80B4     		push	{r7}
 109              	.LCFI5:
 110              		.cfi_def_cfa_offset 4
 111              		.cfi_offset 7, -4
 112 003e 85B0     		sub	sp, sp, #20
 113              	.LCFI6:
 114              		.cfi_def_cfa_offset 24
 115 0040 00AF     		add	r7, sp, #0
 116              	.LCFI7:
 117              		.cfi_def_cfa_register 7
 118 0042 7860     		str	r0, [r7, #4]
 119 0044 3960     		str	r1, [r7, #0]
  76:../Libraries/STM32F4xx_StdPeriph_Driver/src/stm32f4xx_crc.c ****   uint32_t index = 0;
 120              		.loc 1 76 0
 121 0046 4FF00003 		mov	r3, #0
 122 004a FB60     		str	r3, [r7, #12]
  77:../Libraries/STM32F4xx_StdPeriph_Driver/src/stm32f4xx_crc.c ****   
  78:../Libraries/STM32F4xx_StdPeriph_Driver/src/stm32f4xx_crc.c ****   for(index = 0; index < BufferLength; index++)
 123              		.loc 1 78 0
 124 004c 4FF00003 		mov	r3, #0
 125 0050 FB60     		str	r3, [r7, #12]
 126 0052 0BE0     		b	.L9
 127              	.L10:
  79:../Libraries/STM32F4xx_StdPeriph_Driver/src/stm32f4xx_crc.c ****   {
  80:../Libraries/STM32F4xx_StdPeriph_Driver/src/stm32f4xx_crc.c ****     CRC->DR = pBuffer[index];
 128              		.loc 1 80 0 discriminator 2
 129 0054 0B4B     		ldr	r3, .L12
 130 0056 FA68     		ldr	r2, [r7, #12]
 131 0058 4FEA8202 		lsl	r2, r2, #2
 132 005c 7968     		ldr	r1, [r7, #4]
 133 005e 8A18     		adds	r2, r1, r2
 134 0060 1268     		ldr	r2, [r2, #0]
 135 0062 1A60     		str	r2, [r3, #0]
  78:../Libraries/STM32F4xx_StdPeriph_Driver/src/stm32f4xx_crc.c ****   for(index = 0; index < BufferLength; index++)
 136              		.loc 1 78 0 discriminator 2
 137 0064 FB68     		ldr	r3, [r7, #12]
 138 0066 03F10103 		add	r3, r3, #1
 139 006a FB60     		str	r3, [r7, #12]
 140              	.L9:
  78:../Libraries/STM32F4xx_StdPeriph_Driver/src/stm32f4xx_crc.c ****   for(index = 0; index < BufferLength; index++)
 141              		.loc 1 78 0 is_stmt 0 discriminator 1
 142 006c FA68     		ldr	r2, [r7, #12]
 143 006e 3B68     		ldr	r3, [r7, #0]
 144 0070 9A42     		cmp	r2, r3
 145 0072 EFD3     		bcc	.L10
  81:../Libraries/STM32F4xx_StdPeriph_Driver/src/stm32f4xx_crc.c ****   }
  82:../Libraries/STM32F4xx_StdPeriph_Driver/src/stm32f4xx_crc.c ****   return (CRC->DR);
 146              		.loc 1 82 0 is_stmt 1
 147 0074 034B     		ldr	r3, .L12
 148 0076 1B68     		ldr	r3, [r3, #0]
  83:../Libraries/STM32F4xx_StdPeriph_Driver/src/stm32f4xx_crc.c **** }
 149              		.loc 1 83 0
 150 0078 1846     		mov	r0, r3
 151 007a 07F11407 		add	r7, r7, #20
 152 007e BD46     		mov	sp, r7
 153 0080 80BC     		pop	{r7}
 154 0082 7047     		bx	lr
 155              	.L13:
 156              		.align	2
 157              	.L12:
 158 0084 00300240 		.word	1073885184
 159              		.cfi_endproc
 160              	.LFE112:
 162              		.align	2
 163              		.global	CRC_GetCRC
 164              		.thumb
 165              		.thumb_func
 167              	CRC_GetCRC:
 168              	.LFB113:
  84:../Libraries/STM32F4xx_StdPeriph_Driver/src/stm32f4xx_crc.c **** 
  85:../Libraries/STM32F4xx_StdPeriph_Driver/src/stm32f4xx_crc.c **** /**
  86:../Libraries/STM32F4xx_StdPeriph_Driver/src/stm32f4xx_crc.c ****   * @brief  Returns the current CRC value.
  87:../Libraries/STM32F4xx_StdPeriph_Driver/src/stm32f4xx_crc.c ****   * @param  None
  88:../Libraries/STM32F4xx_StdPeriph_Driver/src/stm32f4xx_crc.c ****   * @retval 32-bit CRC
  89:../Libraries/STM32F4xx_StdPeriph_Driver/src/stm32f4xx_crc.c ****   */
  90:../Libraries/STM32F4xx_StdPeriph_Driver/src/stm32f4xx_crc.c **** uint32_t CRC_GetCRC(void)
  91:../Libraries/STM32F4xx_StdPeriph_Driver/src/stm32f4xx_crc.c **** {
 169              		.loc 1 91 0
 170              		.cfi_startproc
 171              		@ args = 0, pretend = 0, frame = 0
 172              		@ frame_needed = 1, uses_anonymous_args = 0
 173              		@ link register save eliminated.
 174 0088 80B4     		push	{r7}
 175              	.LCFI8:
 176              		.cfi_def_cfa_offset 4
 177              		.cfi_offset 7, -4
 178 008a 00AF     		add	r7, sp, #0
 179              	.LCFI9:
 180              		.cfi_def_cfa_register 7
  92:../Libraries/STM32F4xx_StdPeriph_Driver/src/stm32f4xx_crc.c ****   return (CRC->DR);
 181              		.loc 1 92 0
 182 008c 024B     		ldr	r3, .L16
 183 008e 1B68     		ldr	r3, [r3, #0]
  93:../Libraries/STM32F4xx_StdPeriph_Driver/src/stm32f4xx_crc.c **** }
 184              		.loc 1 93 0
 185 0090 1846     		mov	r0, r3
 186 0092 BD46     		mov	sp, r7
 187 0094 80BC     		pop	{r7}
 188 0096 7047     		bx	lr
 189              	.L17:
 190              		.align	2
 191              	.L16:
 192 0098 00300240 		.word	1073885184
 193              		.cfi_endproc
 194              	.LFE113:
 196              		.align	2
 197              		.global	CRC_SetIDRegister
 198              		.thumb
 199              		.thumb_func
 201              	CRC_SetIDRegister:
 202              	.LFB114:
  94:../Libraries/STM32F4xx_StdPeriph_Driver/src/stm32f4xx_crc.c **** 
  95:../Libraries/STM32F4xx_StdPeriph_Driver/src/stm32f4xx_crc.c **** /**
  96:../Libraries/STM32F4xx_StdPeriph_Driver/src/stm32f4xx_crc.c ****   * @brief  Stores a 8-bit data in the Independent Data(ID) register.
  97:../Libraries/STM32F4xx_StdPeriph_Driver/src/stm32f4xx_crc.c ****   * @param  IDValue: 8-bit value to be stored in the ID register 					
  98:../Libraries/STM32F4xx_StdPeriph_Driver/src/stm32f4xx_crc.c ****   * @retval None
  99:../Libraries/STM32F4xx_StdPeriph_Driver/src/stm32f4xx_crc.c ****   */
 100:../Libraries/STM32F4xx_StdPeriph_Driver/src/stm32f4xx_crc.c **** void CRC_SetIDRegister(uint8_t IDValue)
 101:../Libraries/STM32F4xx_StdPeriph_Driver/src/stm32f4xx_crc.c **** {
 203              		.loc 1 101 0
 204              		.cfi_startproc
 205              		@ args = 0, pretend = 0, frame = 8
 206              		@ frame_needed = 1, uses_anonymous_args = 0
 207              		@ link register save eliminated.
 208 009c 80B4     		push	{r7}
 209              	.LCFI10:
 210              		.cfi_def_cfa_offset 4
 211              		.cfi_offset 7, -4
 212 009e 83B0     		sub	sp, sp, #12
 213              	.LCFI11:
 214              		.cfi_def_cfa_offset 16
 215 00a0 00AF     		add	r7, sp, #0
 216              	.LCFI12:
 217              		.cfi_def_cfa_register 7
 218 00a2 0346     		mov	r3, r0
 219 00a4 FB71     		strb	r3, [r7, #7]
 102:../Libraries/STM32F4xx_StdPeriph_Driver/src/stm32f4xx_crc.c ****   CRC->IDR = IDValue;
 220              		.loc 1 102 0
 221 00a6 044B     		ldr	r3, .L19
 222 00a8 FA79     		ldrb	r2, [r7, #7]
 223 00aa 1A71     		strb	r2, [r3, #4]
 103:../Libraries/STM32F4xx_StdPeriph_Driver/src/stm32f4xx_crc.c **** }
 224              		.loc 1 103 0
 225 00ac 07F10C07 		add	r7, r7, #12
 226 00b0 BD46     		mov	sp, r7
 227 00b2 80BC     		pop	{r7}
 228 00b4 7047     		bx	lr
 229              	.L20:
 230 00b6 00BF     		.align	2
 231              	.L19:
 232 00b8 00300240 		.word	1073885184
 233              		.cfi_endproc
 234              	.LFE114:
 236              		.align	2
 237              		.global	CRC_GetIDRegister
 238              		.thumb
 239              		.thumb_func
 241              	CRC_GetIDRegister:
 242              	.LFB115:
 104:../Libraries/STM32F4xx_StdPeriph_Driver/src/stm32f4xx_crc.c **** 
 105:../Libraries/STM32F4xx_StdPeriph_Driver/src/stm32f4xx_crc.c **** /**
 106:../Libraries/STM32F4xx_StdPeriph_Driver/src/stm32f4xx_crc.c ****   * @brief  Returns the 8-bit data stored in the Independent Data(ID) register
 107:../Libraries/STM32F4xx_StdPeriph_Driver/src/stm32f4xx_crc.c ****   * @param  None
 108:../Libraries/STM32F4xx_StdPeriph_Driver/src/stm32f4xx_crc.c ****   * @retval 8-bit value of the ID register 
 109:../Libraries/STM32F4xx_StdPeriph_Driver/src/stm32f4xx_crc.c ****   */
 110:../Libraries/STM32F4xx_StdPeriph_Driver/src/stm32f4xx_crc.c **** uint8_t CRC_GetIDRegister(void)
 111:../Libraries/STM32F4xx_StdPeriph_Driver/src/stm32f4xx_crc.c **** {
 243              		.loc 1 111 0
 244              		.cfi_startproc
 245              		@ args = 0, pretend = 0, frame = 0
 246              		@ frame_needed = 1, uses_anonymous_args = 0
 247              		@ link register save eliminated.
 248 00bc 80B4     		push	{r7}
 249              	.LCFI13:
 250              		.cfi_def_cfa_offset 4
 251              		.cfi_offset 7, -4
 252 00be 00AF     		add	r7, sp, #0
 253              	.LCFI14:
 254              		.cfi_def_cfa_register 7
 112:../Libraries/STM32F4xx_StdPeriph_Driver/src/stm32f4xx_crc.c ****   return (CRC->IDR);
 255              		.loc 1 112 0
 256 00c0 034B     		ldr	r3, .L23
 257 00c2 1B79     		ldrb	r3, [r3, #4]
 258 00c4 DBB2     		uxtb	r3, r3
 113:../Libraries/STM32F4xx_StdPeriph_Driver/src/stm32f4xx_crc.c **** }
 259              		.loc 1 113 0
 260 00c6 1846     		mov	r0, r3
 261 00c8 BD46     		mov	sp, r7
 262 00ca 80BC     		pop	{r7}
 263 00cc 7047     		bx	lr
 264              	.L24:
 265 00ce 00BF     		.align	2
 266              	.L23:
 267 00d0 00300240 		.word	1073885184
 268              		.cfi_endproc
 269              	.LFE115:
 271              	.Letext0:
 272              		.file 2 "c:\\program files (x86)\\codesourcery\\sourcery_codebench_lite_for_arm_eabi\\bin\\../lib/
 273              		.file 3 "C:\\Users\\Gergo\\workspace\\estevan\\Libraries\\Device\\STM32F4xx\\Include/stm32f4xx.h"
 274              		.file 4 "C:\\Users\\Gergo\\workspace\\estevan\\Libraries\\CMSIS\\Include/core_cm4.h"
DEFINED SYMBOLS
                            *ABS*:00000000 stm32f4xx_crc.c
C:\Users\Gergo\AppData\Local\Temp\cceE4goC.s:18     .text:00000000 $t
C:\Users\Gergo\AppData\Local\Temp\cceE4goC.s:23     .text:00000000 CRC_ResetDR
C:\Users\Gergo\AppData\Local\Temp\cceE4goC.s:49     .text:00000014 $d
C:\Users\Gergo\AppData\Local\Temp\cceE4goC.s:53     .text:00000018 $t
C:\Users\Gergo\AppData\Local\Temp\cceE4goC.s:58     .text:00000018 CRC_CalcCRC
C:\Users\Gergo\AppData\Local\Temp\cceE4goC.s:92     .text:00000038 $d
C:\Users\Gergo\AppData\Local\Temp\cceE4goC.s:96     .text:0000003c $t
C:\Users\Gergo\AppData\Local\Temp\cceE4goC.s:101    .text:0000003c CRC_CalcBlockCRC
C:\Users\Gergo\AppData\Local\Temp\cceE4goC.s:158    .text:00000084 $d
C:\Users\Gergo\AppData\Local\Temp\cceE4goC.s:162    .text:00000088 $t
C:\Users\Gergo\AppData\Local\Temp\cceE4goC.s:167    .text:00000088 CRC_GetCRC
C:\Users\Gergo\AppData\Local\Temp\cceE4goC.s:192    .text:00000098 $d
C:\Users\Gergo\AppData\Local\Temp\cceE4goC.s:196    .text:0000009c $t
C:\Users\Gergo\AppData\Local\Temp\cceE4goC.s:201    .text:0000009c CRC_SetIDRegister
C:\Users\Gergo\AppData\Local\Temp\cceE4goC.s:232    .text:000000b8 $d
C:\Users\Gergo\AppData\Local\Temp\cceE4goC.s:236    .text:000000bc $t
C:\Users\Gergo\AppData\Local\Temp\cceE4goC.s:241    .text:000000bc CRC_GetIDRegister
C:\Users\Gergo\AppData\Local\Temp\cceE4goC.s:267    .text:000000d0 $d
                     .debug_frame:00000010 $d
                           .group:00000000 wm4.1.fa6ddc8087252f7ec15b7f8b8133d3d8
                           .group:00000000 wm4.stm32f4xx.h.48.0b3cda0630bac1bf9be1255cab0e1f3b
                           .group:00000000 wm4.core_cm4.h.32.f824aba4d431a5bb4a51726bd5b62834
                           .group:00000000 wm4.stdint.h.10.90b695f550ca6cc3fb08fa83baf01e05
                           .group:00000000 wm4.core_cmInstr.h.25.f50f886f2edf670cf199b35fd96f5c91
                           .group:00000000 wm4.core_cm4_simd.h.29.b4a3fdfb606cb3b26119424324d4b963
                           .group:00000000 wm4.core_cm4.h.153.5393ef7e6cebf34dd51ca528f9218ab3
                           .group:00000000 wm4.stm32f4xx.h.283.d309488c8c88fbc6a572fb5ddb72ae02
                           .group:00000000 wm4.stm32f4xx_exti.h.54.435fdeac3da378720d6c1615172f0bf3
                           .group:00000000 wm4.stm32f4xx_gpio.h.25.5bd1d790d742a307b55aea5fa8fcdae8
                           .group:00000000 wm4.stm32f4xx_rcc.h.24.a10ec6e94989efb0f8f7f56448e9bb60
                           .group:00000000 wm4.stm32f4xx_syscfg.h.25.9d5caab5677661b69e959531364e23d7
                           .group:00000000 wm4.stm32f4xx_tim.h.25.948f7fc943f34bd206e29758e77ee0a2
                           .group:00000000 wm4.misc.h.25.a0cb758c1f091b46f201b19cec9e63a1
                           .group:00000000 wm4.stm32f4xx.h.6967.11efd59d6a7da8b33ccb47eb4d57a5b3

NO UNDEFINED SYMBOLS
