   1              		.syntax unified
   2              		.cpu cortex-m4
   3              		.fpu softvfp
   4              		.eabi_attribute 20, 1
   5              		.eabi_attribute 21, 1
   6              		.eabi_attribute 23, 3
   7              		.eabi_attribute 24, 1
   8              		.eabi_attribute 25, 1
   9              		.eabi_attribute 26, 1
  10              		.eabi_attribute 30, 6
  11              		.eabi_attribute 34, 1
  12              		.eabi_attribute 18, 4
  13              		.thumb
  14              		.file	"stm32f4xx_iwdg.c"
  15              		.text
  16              	.Ltext0:
  17              		.cfi_sections	.debug_frame
  18              		.align	2
  19              		.global	IWDG_WriteAccessCmd
  20              		.thumb
  21              		.thumb_func
  23              	IWDG_WriteAccessCmd:
  24              	.LFB110:
  25              		.file 1 "../Libraries/STM32F4xx_StdPeriph_Driver/src/stm32f4xx_iwdg.c"
   1:../Libraries/STM32F4xx_StdPeriph_Driver/src/stm32f4xx_iwdg.c **** /**
   2:../Libraries/STM32F4xx_StdPeriph_Driver/src/stm32f4xx_iwdg.c ****   ******************************************************************************
   3:../Libraries/STM32F4xx_StdPeriph_Driver/src/stm32f4xx_iwdg.c ****   * @file    stm32f4xx_iwdg.c
   4:../Libraries/STM32F4xx_StdPeriph_Driver/src/stm32f4xx_iwdg.c ****   * @author  MCD Application Team
   5:../Libraries/STM32F4xx_StdPeriph_Driver/src/stm32f4xx_iwdg.c ****   * @version V1.0.0
   6:../Libraries/STM32F4xx_StdPeriph_Driver/src/stm32f4xx_iwdg.c ****   * @date    30-September-2011
   7:../Libraries/STM32F4xx_StdPeriph_Driver/src/stm32f4xx_iwdg.c ****   * @brief   This file provides firmware functions to manage the following 
   8:../Libraries/STM32F4xx_StdPeriph_Driver/src/stm32f4xx_iwdg.c ****   *          functionalities of the Independent watchdog (IWDG) peripheral:           
   9:../Libraries/STM32F4xx_StdPeriph_Driver/src/stm32f4xx_iwdg.c ****   *           - Prescaler and Counter configuration
  10:../Libraries/STM32F4xx_StdPeriph_Driver/src/stm32f4xx_iwdg.c ****   *           - IWDG activation
  11:../Libraries/STM32F4xx_StdPeriph_Driver/src/stm32f4xx_iwdg.c ****   *           - Flag management
  12:../Libraries/STM32F4xx_StdPeriph_Driver/src/stm32f4xx_iwdg.c ****   *
  13:../Libraries/STM32F4xx_StdPeriph_Driver/src/stm32f4xx_iwdg.c ****   *  @verbatim  
  14:../Libraries/STM32F4xx_StdPeriph_Driver/src/stm32f4xx_iwdg.c ****   *  
  15:../Libraries/STM32F4xx_StdPeriph_Driver/src/stm32f4xx_iwdg.c ****   *          ===================================================================
  16:../Libraries/STM32F4xx_StdPeriph_Driver/src/stm32f4xx_iwdg.c ****   *                                     IWDG features
  17:../Libraries/STM32F4xx_StdPeriph_Driver/src/stm32f4xx_iwdg.c ****   *          ===================================================================
  18:../Libraries/STM32F4xx_StdPeriph_Driver/src/stm32f4xx_iwdg.c ****   *    
  19:../Libraries/STM32F4xx_StdPeriph_Driver/src/stm32f4xx_iwdg.c ****   *          The IWDG can be started by either software or hardware (configurable
  20:../Libraries/STM32F4xx_StdPeriph_Driver/src/stm32f4xx_iwdg.c ****   *          through option byte).
  21:../Libraries/STM32F4xx_StdPeriph_Driver/src/stm32f4xx_iwdg.c ****   *            
  22:../Libraries/STM32F4xx_StdPeriph_Driver/src/stm32f4xx_iwdg.c ****   *          The IWDG is clocked by its own dedicated low-speed clock (LSI) and
  23:../Libraries/STM32F4xx_StdPeriph_Driver/src/stm32f4xx_iwdg.c ****   *          thus stays active even if the main clock fails.
  24:../Libraries/STM32F4xx_StdPeriph_Driver/src/stm32f4xx_iwdg.c ****   *          Once the IWDG is started, the LSI is forced ON and cannot be disabled
  25:../Libraries/STM32F4xx_StdPeriph_Driver/src/stm32f4xx_iwdg.c ****   *          (LSI cannot be disabled too), and the counter starts counting down from 
  26:../Libraries/STM32F4xx_StdPeriph_Driver/src/stm32f4xx_iwdg.c ****   *          the reset value of 0xFFF. When it reaches the end of count value (0x000)
  27:../Libraries/STM32F4xx_StdPeriph_Driver/src/stm32f4xx_iwdg.c ****   *          a system reset is generated.
  28:../Libraries/STM32F4xx_StdPeriph_Driver/src/stm32f4xx_iwdg.c ****   *          The IWDG counter should be reloaded at regular intervals to prevent
  29:../Libraries/STM32F4xx_StdPeriph_Driver/src/stm32f4xx_iwdg.c ****   *          an MCU reset.
  30:../Libraries/STM32F4xx_StdPeriph_Driver/src/stm32f4xx_iwdg.c ****   *                           
  31:../Libraries/STM32F4xx_StdPeriph_Driver/src/stm32f4xx_iwdg.c ****   *          The IWDG is implemented in the VDD voltage domain that is still functional
  32:../Libraries/STM32F4xx_StdPeriph_Driver/src/stm32f4xx_iwdg.c ****   *          in STOP and STANDBY mode (IWDG reset can wake-up from STANDBY).          
  33:../Libraries/STM32F4xx_StdPeriph_Driver/src/stm32f4xx_iwdg.c ****   *            
  34:../Libraries/STM32F4xx_StdPeriph_Driver/src/stm32f4xx_iwdg.c ****   *          IWDGRST flag in RCC_CSR register can be used to inform when a IWDG
  35:../Libraries/STM32F4xx_StdPeriph_Driver/src/stm32f4xx_iwdg.c ****   *          reset occurs.
  36:../Libraries/STM32F4xx_StdPeriph_Driver/src/stm32f4xx_iwdg.c ****   *            
  37:../Libraries/STM32F4xx_StdPeriph_Driver/src/stm32f4xx_iwdg.c ****   *          Min-max timeout value @32KHz (LSI): ~125us / ~32.7s
  38:../Libraries/STM32F4xx_StdPeriph_Driver/src/stm32f4xx_iwdg.c ****   *          The IWDG timeout may vary due to LSI frequency dispersion. STM32F4xx
  39:../Libraries/STM32F4xx_StdPeriph_Driver/src/stm32f4xx_iwdg.c ****   *          devices provide the capability to measure the LSI frequency (LSI clock
  40:../Libraries/STM32F4xx_StdPeriph_Driver/src/stm32f4xx_iwdg.c ****   *          connected internally to TIM5 CH4 input capture). The measured value
  41:../Libraries/STM32F4xx_StdPeriph_Driver/src/stm32f4xx_iwdg.c ****   *          can be used to have an IWDG timeout with an acceptable accuracy. 
  42:../Libraries/STM32F4xx_StdPeriph_Driver/src/stm32f4xx_iwdg.c ****   *          For more information, please refer to the STM32F4xx Reference manual
  43:../Libraries/STM32F4xx_StdPeriph_Driver/src/stm32f4xx_iwdg.c ****   *          
  44:../Libraries/STM32F4xx_StdPeriph_Driver/src/stm32f4xx_iwdg.c ****   *                            
  45:../Libraries/STM32F4xx_StdPeriph_Driver/src/stm32f4xx_iwdg.c ****   *          ===================================================================
  46:../Libraries/STM32F4xx_StdPeriph_Driver/src/stm32f4xx_iwdg.c ****   *                                 How to use this driver
  47:../Libraries/STM32F4xx_StdPeriph_Driver/src/stm32f4xx_iwdg.c ****   *          ===================================================================
  48:../Libraries/STM32F4xx_StdPeriph_Driver/src/stm32f4xx_iwdg.c ****   *          1. Enable write access to IWDG_PR and IWDG_RLR registers using
  49:../Libraries/STM32F4xx_StdPeriph_Driver/src/stm32f4xx_iwdg.c ****   *             IWDG_WriteAccessCmd(IWDG_WriteAccess_Enable) function
  50:../Libraries/STM32F4xx_StdPeriph_Driver/src/stm32f4xx_iwdg.c ****   *               
  51:../Libraries/STM32F4xx_StdPeriph_Driver/src/stm32f4xx_iwdg.c ****   *          2. Configure the IWDG prescaler using IWDG_SetPrescaler() function
  52:../Libraries/STM32F4xx_StdPeriph_Driver/src/stm32f4xx_iwdg.c ****   *            
  53:../Libraries/STM32F4xx_StdPeriph_Driver/src/stm32f4xx_iwdg.c ****   *          3. Configure the IWDG counter value using IWDG_SetReload() function.
  54:../Libraries/STM32F4xx_StdPeriph_Driver/src/stm32f4xx_iwdg.c ****   *             This value will be loaded in the IWDG counter each time the counter
  55:../Libraries/STM32F4xx_StdPeriph_Driver/src/stm32f4xx_iwdg.c ****   *             is reloaded, then the IWDG will start counting down from this value.
  56:../Libraries/STM32F4xx_StdPeriph_Driver/src/stm32f4xx_iwdg.c ****   *            
  57:../Libraries/STM32F4xx_StdPeriph_Driver/src/stm32f4xx_iwdg.c ****   *          4. Start the IWDG using IWDG_Enable() function, when the IWDG is used
  58:../Libraries/STM32F4xx_StdPeriph_Driver/src/stm32f4xx_iwdg.c ****   *             in software mode (no need to enable the LSI, it will be enabled
  59:../Libraries/STM32F4xx_StdPeriph_Driver/src/stm32f4xx_iwdg.c ****   *             by hardware)
  60:../Libraries/STM32F4xx_StdPeriph_Driver/src/stm32f4xx_iwdg.c ****   *             
  61:../Libraries/STM32F4xx_StdPeriph_Driver/src/stm32f4xx_iwdg.c ****   *          5. Then the application program must reload the IWDG counter at regular
  62:../Libraries/STM32F4xx_StdPeriph_Driver/src/stm32f4xx_iwdg.c ****   *             intervals during normal operation to prevent an MCU reset, using
  63:../Libraries/STM32F4xx_StdPeriph_Driver/src/stm32f4xx_iwdg.c ****   *             IWDG_ReloadCounter() function.      
  64:../Libraries/STM32F4xx_StdPeriph_Driver/src/stm32f4xx_iwdg.c ****   *          
  65:../Libraries/STM32F4xx_StdPeriph_Driver/src/stm32f4xx_iwdg.c ****   *  @endverbatim
  66:../Libraries/STM32F4xx_StdPeriph_Driver/src/stm32f4xx_iwdg.c ****   *    
  67:../Libraries/STM32F4xx_StdPeriph_Driver/src/stm32f4xx_iwdg.c ****   ******************************************************************************
  68:../Libraries/STM32F4xx_StdPeriph_Driver/src/stm32f4xx_iwdg.c ****   * @attention
  69:../Libraries/STM32F4xx_StdPeriph_Driver/src/stm32f4xx_iwdg.c ****   *
  70:../Libraries/STM32F4xx_StdPeriph_Driver/src/stm32f4xx_iwdg.c ****   * THE PRESENT FIRMWARE WHICH IS FOR GUIDANCE ONLY AIMS AT PROVIDING CUSTOMERS
  71:../Libraries/STM32F4xx_StdPeriph_Driver/src/stm32f4xx_iwdg.c ****   * WITH CODING INFORMATION REGARDING THEIR PRODUCTS IN ORDER FOR THEM TO SAVE
  72:../Libraries/STM32F4xx_StdPeriph_Driver/src/stm32f4xx_iwdg.c ****   * TIME. AS A RESULT, STMICROELECTRONICS SHALL NOT BE HELD LIABLE FOR ANY
  73:../Libraries/STM32F4xx_StdPeriph_Driver/src/stm32f4xx_iwdg.c ****   * DIRECT, INDIRECT OR CONSEQUENTIAL DAMAGES WITH RESPECT TO ANY CLAIMS ARISING
  74:../Libraries/STM32F4xx_StdPeriph_Driver/src/stm32f4xx_iwdg.c ****   * FROM THE CONTENT OF SUCH FIRMWARE AND/OR THE USE MADE BY CUSTOMERS OF THE
  75:../Libraries/STM32F4xx_StdPeriph_Driver/src/stm32f4xx_iwdg.c ****   * CODING INFORMATION CONTAINED HEREIN IN CONNECTION WITH THEIR PRODUCTS.
  76:../Libraries/STM32F4xx_StdPeriph_Driver/src/stm32f4xx_iwdg.c ****   *
  77:../Libraries/STM32F4xx_StdPeriph_Driver/src/stm32f4xx_iwdg.c ****   * <h2><center>&copy; COPYRIGHT 2011 STMicroelectronics</center></h2>
  78:../Libraries/STM32F4xx_StdPeriph_Driver/src/stm32f4xx_iwdg.c ****   ******************************************************************************
  79:../Libraries/STM32F4xx_StdPeriph_Driver/src/stm32f4xx_iwdg.c ****   */
  80:../Libraries/STM32F4xx_StdPeriph_Driver/src/stm32f4xx_iwdg.c **** 
  81:../Libraries/STM32F4xx_StdPeriph_Driver/src/stm32f4xx_iwdg.c **** /* Includes ------------------------------------------------------------------*/
  82:../Libraries/STM32F4xx_StdPeriph_Driver/src/stm32f4xx_iwdg.c **** #include "stm32f4xx_iwdg.h"
  83:../Libraries/STM32F4xx_StdPeriph_Driver/src/stm32f4xx_iwdg.c **** 
  84:../Libraries/STM32F4xx_StdPeriph_Driver/src/stm32f4xx_iwdg.c **** /** @addtogroup STM32F4xx_StdPeriph_Driver
  85:../Libraries/STM32F4xx_StdPeriph_Driver/src/stm32f4xx_iwdg.c ****   * @{
  86:../Libraries/STM32F4xx_StdPeriph_Driver/src/stm32f4xx_iwdg.c ****   */
  87:../Libraries/STM32F4xx_StdPeriph_Driver/src/stm32f4xx_iwdg.c **** 
  88:../Libraries/STM32F4xx_StdPeriph_Driver/src/stm32f4xx_iwdg.c **** /** @defgroup IWDG 
  89:../Libraries/STM32F4xx_StdPeriph_Driver/src/stm32f4xx_iwdg.c ****   * @brief IWDG driver modules
  90:../Libraries/STM32F4xx_StdPeriph_Driver/src/stm32f4xx_iwdg.c ****   * @{
  91:../Libraries/STM32F4xx_StdPeriph_Driver/src/stm32f4xx_iwdg.c ****   */ 
  92:../Libraries/STM32F4xx_StdPeriph_Driver/src/stm32f4xx_iwdg.c **** 
  93:../Libraries/STM32F4xx_StdPeriph_Driver/src/stm32f4xx_iwdg.c **** /* Private typedef -----------------------------------------------------------*/
  94:../Libraries/STM32F4xx_StdPeriph_Driver/src/stm32f4xx_iwdg.c **** /* Private define ------------------------------------------------------------*/
  95:../Libraries/STM32F4xx_StdPeriph_Driver/src/stm32f4xx_iwdg.c **** 
  96:../Libraries/STM32F4xx_StdPeriph_Driver/src/stm32f4xx_iwdg.c **** /* KR register bit mask */
  97:../Libraries/STM32F4xx_StdPeriph_Driver/src/stm32f4xx_iwdg.c **** #define KR_KEY_RELOAD    ((uint16_t)0xAAAA)
  98:../Libraries/STM32F4xx_StdPeriph_Driver/src/stm32f4xx_iwdg.c **** #define KR_KEY_ENABLE    ((uint16_t)0xCCCC)
  99:../Libraries/STM32F4xx_StdPeriph_Driver/src/stm32f4xx_iwdg.c **** 
 100:../Libraries/STM32F4xx_StdPeriph_Driver/src/stm32f4xx_iwdg.c **** /* Private macro -------------------------------------------------------------*/
 101:../Libraries/STM32F4xx_StdPeriph_Driver/src/stm32f4xx_iwdg.c **** /* Private variables ---------------------------------------------------------*/
 102:../Libraries/STM32F4xx_StdPeriph_Driver/src/stm32f4xx_iwdg.c **** /* Private function prototypes -----------------------------------------------*/
 103:../Libraries/STM32F4xx_StdPeriph_Driver/src/stm32f4xx_iwdg.c **** /* Private functions ---------------------------------------------------------*/
 104:../Libraries/STM32F4xx_StdPeriph_Driver/src/stm32f4xx_iwdg.c **** 
 105:../Libraries/STM32F4xx_StdPeriph_Driver/src/stm32f4xx_iwdg.c **** /** @defgroup IWDG_Private_Functions
 106:../Libraries/STM32F4xx_StdPeriph_Driver/src/stm32f4xx_iwdg.c ****   * @{
 107:../Libraries/STM32F4xx_StdPeriph_Driver/src/stm32f4xx_iwdg.c ****   */
 108:../Libraries/STM32F4xx_StdPeriph_Driver/src/stm32f4xx_iwdg.c **** 
 109:../Libraries/STM32F4xx_StdPeriph_Driver/src/stm32f4xx_iwdg.c **** /** @defgroup IWDG_Group1 Prescaler and Counter configuration functions
 110:../Libraries/STM32F4xx_StdPeriph_Driver/src/stm32f4xx_iwdg.c ****  *  @brief   Prescaler and Counter configuration functions
 111:../Libraries/STM32F4xx_StdPeriph_Driver/src/stm32f4xx_iwdg.c ****  *
 112:../Libraries/STM32F4xx_StdPeriph_Driver/src/stm32f4xx_iwdg.c **** @verbatim   
 113:../Libraries/STM32F4xx_StdPeriph_Driver/src/stm32f4xx_iwdg.c ****  ===============================================================================
 114:../Libraries/STM32F4xx_StdPeriph_Driver/src/stm32f4xx_iwdg.c ****                   Prescaler and Counter configuration functions
 115:../Libraries/STM32F4xx_StdPeriph_Driver/src/stm32f4xx_iwdg.c ****  ===============================================================================  
 116:../Libraries/STM32F4xx_StdPeriph_Driver/src/stm32f4xx_iwdg.c **** 
 117:../Libraries/STM32F4xx_StdPeriph_Driver/src/stm32f4xx_iwdg.c **** @endverbatim
 118:../Libraries/STM32F4xx_StdPeriph_Driver/src/stm32f4xx_iwdg.c ****   * @{
 119:../Libraries/STM32F4xx_StdPeriph_Driver/src/stm32f4xx_iwdg.c ****   */
 120:../Libraries/STM32F4xx_StdPeriph_Driver/src/stm32f4xx_iwdg.c **** 
 121:../Libraries/STM32F4xx_StdPeriph_Driver/src/stm32f4xx_iwdg.c **** /**
 122:../Libraries/STM32F4xx_StdPeriph_Driver/src/stm32f4xx_iwdg.c ****   * @brief  Enables or disables write access to IWDG_PR and IWDG_RLR registers.
 123:../Libraries/STM32F4xx_StdPeriph_Driver/src/stm32f4xx_iwdg.c ****   * @param  IWDG_WriteAccess: new state of write access to IWDG_PR and IWDG_RLR registers.
 124:../Libraries/STM32F4xx_StdPeriph_Driver/src/stm32f4xx_iwdg.c ****   *          This parameter can be one of the following values:
 125:../Libraries/STM32F4xx_StdPeriph_Driver/src/stm32f4xx_iwdg.c ****   *            @arg IWDG_WriteAccess_Enable: Enable write access to IWDG_PR and IWDG_RLR registers
 126:../Libraries/STM32F4xx_StdPeriph_Driver/src/stm32f4xx_iwdg.c ****   *            @arg IWDG_WriteAccess_Disable: Disable write access to IWDG_PR and IWDG_RLR register
 127:../Libraries/STM32F4xx_StdPeriph_Driver/src/stm32f4xx_iwdg.c ****   * @retval None
 128:../Libraries/STM32F4xx_StdPeriph_Driver/src/stm32f4xx_iwdg.c ****   */
 129:../Libraries/STM32F4xx_StdPeriph_Driver/src/stm32f4xx_iwdg.c **** void IWDG_WriteAccessCmd(uint16_t IWDG_WriteAccess)
 130:../Libraries/STM32F4xx_StdPeriph_Driver/src/stm32f4xx_iwdg.c **** {
  26              		.loc 1 130 0
  27              		.cfi_startproc
  28              		@ args = 0, pretend = 0, frame = 8
  29              		@ frame_needed = 1, uses_anonymous_args = 0
  30              		@ link register save eliminated.
  31 0000 80B4     		push	{r7}
  32              	.LCFI0:
  33              		.cfi_def_cfa_offset 4
  34              		.cfi_offset 7, -4
  35 0002 83B0     		sub	sp, sp, #12
  36              	.LCFI1:
  37              		.cfi_def_cfa_offset 16
  38 0004 00AF     		add	r7, sp, #0
  39              	.LCFI2:
  40              		.cfi_def_cfa_register 7
  41 0006 0346     		mov	r3, r0
  42 0008 FB80     		strh	r3, [r7, #6]	@ movhi
 131:../Libraries/STM32F4xx_StdPeriph_Driver/src/stm32f4xx_iwdg.c ****   /* Check the parameters */
 132:../Libraries/STM32F4xx_StdPeriph_Driver/src/stm32f4xx_iwdg.c ****   assert_param(IS_IWDG_WRITE_ACCESS(IWDG_WriteAccess));
 133:../Libraries/STM32F4xx_StdPeriph_Driver/src/stm32f4xx_iwdg.c ****   IWDG->KR = IWDG_WriteAccess;
  43              		.loc 1 133 0
  44 000a 044B     		ldr	r3, .L2
  45 000c FA88     		ldrh	r2, [r7, #6]
  46 000e 1A60     		str	r2, [r3, #0]
 134:../Libraries/STM32F4xx_StdPeriph_Driver/src/stm32f4xx_iwdg.c **** }
  47              		.loc 1 134 0
  48 0010 07F10C07 		add	r7, r7, #12
  49 0014 BD46     		mov	sp, r7
  50 0016 80BC     		pop	{r7}
  51 0018 7047     		bx	lr
  52              	.L3:
  53 001a 00BF     		.align	2
  54              	.L2:
  55 001c 00300040 		.word	1073754112
  56              		.cfi_endproc
  57              	.LFE110:
  59              		.align	2
  60              		.global	IWDG_SetPrescaler
  61              		.thumb
  62              		.thumb_func
  64              	IWDG_SetPrescaler:
  65              	.LFB111:
 135:../Libraries/STM32F4xx_StdPeriph_Driver/src/stm32f4xx_iwdg.c **** 
 136:../Libraries/STM32F4xx_StdPeriph_Driver/src/stm32f4xx_iwdg.c **** /**
 137:../Libraries/STM32F4xx_StdPeriph_Driver/src/stm32f4xx_iwdg.c ****   * @brief  Sets IWDG Prescaler value.
 138:../Libraries/STM32F4xx_StdPeriph_Driver/src/stm32f4xx_iwdg.c ****   * @param  IWDG_Prescaler: specifies the IWDG Prescaler value.
 139:../Libraries/STM32F4xx_StdPeriph_Driver/src/stm32f4xx_iwdg.c ****   *          This parameter can be one of the following values:
 140:../Libraries/STM32F4xx_StdPeriph_Driver/src/stm32f4xx_iwdg.c ****   *            @arg IWDG_Prescaler_4: IWDG prescaler set to 4
 141:../Libraries/STM32F4xx_StdPeriph_Driver/src/stm32f4xx_iwdg.c ****   *            @arg IWDG_Prescaler_8: IWDG prescaler set to 8
 142:../Libraries/STM32F4xx_StdPeriph_Driver/src/stm32f4xx_iwdg.c ****   *            @arg IWDG_Prescaler_16: IWDG prescaler set to 16
 143:../Libraries/STM32F4xx_StdPeriph_Driver/src/stm32f4xx_iwdg.c ****   *            @arg IWDG_Prescaler_32: IWDG prescaler set to 32
 144:../Libraries/STM32F4xx_StdPeriph_Driver/src/stm32f4xx_iwdg.c ****   *            @arg IWDG_Prescaler_64: IWDG prescaler set to 64
 145:../Libraries/STM32F4xx_StdPeriph_Driver/src/stm32f4xx_iwdg.c ****   *            @arg IWDG_Prescaler_128: IWDG prescaler set to 128
 146:../Libraries/STM32F4xx_StdPeriph_Driver/src/stm32f4xx_iwdg.c ****   *            @arg IWDG_Prescaler_256: IWDG prescaler set to 256
 147:../Libraries/STM32F4xx_StdPeriph_Driver/src/stm32f4xx_iwdg.c ****   * @retval None
 148:../Libraries/STM32F4xx_StdPeriph_Driver/src/stm32f4xx_iwdg.c ****   */
 149:../Libraries/STM32F4xx_StdPeriph_Driver/src/stm32f4xx_iwdg.c **** void IWDG_SetPrescaler(uint8_t IWDG_Prescaler)
 150:../Libraries/STM32F4xx_StdPeriph_Driver/src/stm32f4xx_iwdg.c **** {
  66              		.loc 1 150 0
  67              		.cfi_startproc
  68              		@ args = 0, pretend = 0, frame = 8
  69              		@ frame_needed = 1, uses_anonymous_args = 0
  70              		@ link register save eliminated.
  71 0020 80B4     		push	{r7}
  72              	.LCFI3:
  73              		.cfi_def_cfa_offset 4
  74              		.cfi_offset 7, -4
  75 0022 83B0     		sub	sp, sp, #12
  76              	.LCFI4:
  77              		.cfi_def_cfa_offset 16
  78 0024 00AF     		add	r7, sp, #0
  79              	.LCFI5:
  80              		.cfi_def_cfa_register 7
  81 0026 0346     		mov	r3, r0
  82 0028 FB71     		strb	r3, [r7, #7]
 151:../Libraries/STM32F4xx_StdPeriph_Driver/src/stm32f4xx_iwdg.c ****   /* Check the parameters */
 152:../Libraries/STM32F4xx_StdPeriph_Driver/src/stm32f4xx_iwdg.c ****   assert_param(IS_IWDG_PRESCALER(IWDG_Prescaler));
 153:../Libraries/STM32F4xx_StdPeriph_Driver/src/stm32f4xx_iwdg.c ****   IWDG->PR = IWDG_Prescaler;
  83              		.loc 1 153 0
  84 002a 044B     		ldr	r3, .L5
  85 002c FA79     		ldrb	r2, [r7, #7]	@ zero_extendqisi2
  86 002e 5A60     		str	r2, [r3, #4]
 154:../Libraries/STM32F4xx_StdPeriph_Driver/src/stm32f4xx_iwdg.c **** }
  87              		.loc 1 154 0
  88 0030 07F10C07 		add	r7, r7, #12
  89 0034 BD46     		mov	sp, r7
  90 0036 80BC     		pop	{r7}
  91 0038 7047     		bx	lr
  92              	.L6:
  93 003a 00BF     		.align	2
  94              	.L5:
  95 003c 00300040 		.word	1073754112
  96              		.cfi_endproc
  97              	.LFE111:
  99              		.align	2
 100              		.global	IWDG_SetReload
 101              		.thumb
 102              		.thumb_func
 104              	IWDG_SetReload:
 105              	.LFB112:
 155:../Libraries/STM32F4xx_StdPeriph_Driver/src/stm32f4xx_iwdg.c **** 
 156:../Libraries/STM32F4xx_StdPeriph_Driver/src/stm32f4xx_iwdg.c **** /**
 157:../Libraries/STM32F4xx_StdPeriph_Driver/src/stm32f4xx_iwdg.c ****   * @brief  Sets IWDG Reload value.
 158:../Libraries/STM32F4xx_StdPeriph_Driver/src/stm32f4xx_iwdg.c ****   * @param  Reload: specifies the IWDG Reload value.
 159:../Libraries/STM32F4xx_StdPeriph_Driver/src/stm32f4xx_iwdg.c ****   *          This parameter must be a number between 0 and 0x0FFF.
 160:../Libraries/STM32F4xx_StdPeriph_Driver/src/stm32f4xx_iwdg.c ****   * @retval None
 161:../Libraries/STM32F4xx_StdPeriph_Driver/src/stm32f4xx_iwdg.c ****   */
 162:../Libraries/STM32F4xx_StdPeriph_Driver/src/stm32f4xx_iwdg.c **** void IWDG_SetReload(uint16_t Reload)
 163:../Libraries/STM32F4xx_StdPeriph_Driver/src/stm32f4xx_iwdg.c **** {
 106              		.loc 1 163 0
 107              		.cfi_startproc
 108              		@ args = 0, pretend = 0, frame = 8
 109              		@ frame_needed = 1, uses_anonymous_args = 0
 110              		@ link register save eliminated.
 111 0040 80B4     		push	{r7}
 112              	.LCFI6:
 113              		.cfi_def_cfa_offset 4
 114              		.cfi_offset 7, -4
 115 0042 83B0     		sub	sp, sp, #12
 116              	.LCFI7:
 117              		.cfi_def_cfa_offset 16
 118 0044 00AF     		add	r7, sp, #0
 119              	.LCFI8:
 120              		.cfi_def_cfa_register 7
 121 0046 0346     		mov	r3, r0
 122 0048 FB80     		strh	r3, [r7, #6]	@ movhi
 164:../Libraries/STM32F4xx_StdPeriph_Driver/src/stm32f4xx_iwdg.c ****   /* Check the parameters */
 165:../Libraries/STM32F4xx_StdPeriph_Driver/src/stm32f4xx_iwdg.c ****   assert_param(IS_IWDG_RELOAD(Reload));
 166:../Libraries/STM32F4xx_StdPeriph_Driver/src/stm32f4xx_iwdg.c ****   IWDG->RLR = Reload;
 123              		.loc 1 166 0
 124 004a 044B     		ldr	r3, .L8
 125 004c FA88     		ldrh	r2, [r7, #6]
 126 004e 9A60     		str	r2, [r3, #8]
 167:../Libraries/STM32F4xx_StdPeriph_Driver/src/stm32f4xx_iwdg.c **** }
 127              		.loc 1 167 0
 128 0050 07F10C07 		add	r7, r7, #12
 129 0054 BD46     		mov	sp, r7
 130 0056 80BC     		pop	{r7}
 131 0058 7047     		bx	lr
 132              	.L9:
 133 005a 00BF     		.align	2
 134              	.L8:
 135 005c 00300040 		.word	1073754112
 136              		.cfi_endproc
 137              	.LFE112:
 139              		.align	2
 140              		.global	IWDG_ReloadCounter
 141              		.thumb
 142              		.thumb_func
 144              	IWDG_ReloadCounter:
 145              	.LFB113:
 168:../Libraries/STM32F4xx_StdPeriph_Driver/src/stm32f4xx_iwdg.c **** 
 169:../Libraries/STM32F4xx_StdPeriph_Driver/src/stm32f4xx_iwdg.c **** /**
 170:../Libraries/STM32F4xx_StdPeriph_Driver/src/stm32f4xx_iwdg.c ****   * @brief  Reloads IWDG counter with value defined in the reload register
 171:../Libraries/STM32F4xx_StdPeriph_Driver/src/stm32f4xx_iwdg.c ****   *         (write access to IWDG_PR and IWDG_RLR registers disabled).
 172:../Libraries/STM32F4xx_StdPeriph_Driver/src/stm32f4xx_iwdg.c ****   * @param  None
 173:../Libraries/STM32F4xx_StdPeriph_Driver/src/stm32f4xx_iwdg.c ****   * @retval None
 174:../Libraries/STM32F4xx_StdPeriph_Driver/src/stm32f4xx_iwdg.c ****   */
 175:../Libraries/STM32F4xx_StdPeriph_Driver/src/stm32f4xx_iwdg.c **** void IWDG_ReloadCounter(void)
 176:../Libraries/STM32F4xx_StdPeriph_Driver/src/stm32f4xx_iwdg.c **** {
 146              		.loc 1 176 0
 147              		.cfi_startproc
 148              		@ args = 0, pretend = 0, frame = 0
 149              		@ frame_needed = 1, uses_anonymous_args = 0
 150              		@ link register save eliminated.
 151 0060 80B4     		push	{r7}
 152              	.LCFI9:
 153              		.cfi_def_cfa_offset 4
 154              		.cfi_offset 7, -4
 155 0062 00AF     		add	r7, sp, #0
 156              	.LCFI10:
 157              		.cfi_def_cfa_register 7
 177:../Libraries/STM32F4xx_StdPeriph_Driver/src/stm32f4xx_iwdg.c ****   IWDG->KR = KR_KEY_RELOAD;
 158              		.loc 1 177 0
 159 0064 034B     		ldr	r3, .L11
 160 0066 4AF6AA22 		movw	r2, #43690
 161 006a 1A60     		str	r2, [r3, #0]
 178:../Libraries/STM32F4xx_StdPeriph_Driver/src/stm32f4xx_iwdg.c **** }
 162              		.loc 1 178 0
 163 006c BD46     		mov	sp, r7
 164 006e 80BC     		pop	{r7}
 165 0070 7047     		bx	lr
 166              	.L12:
 167 0072 00BF     		.align	2
 168              	.L11:
 169 0074 00300040 		.word	1073754112
 170              		.cfi_endproc
 171              	.LFE113:
 173              		.align	2
 174              		.global	IWDG_Enable
 175              		.thumb
 176              		.thumb_func
 178              	IWDG_Enable:
 179              	.LFB114:
 179:../Libraries/STM32F4xx_StdPeriph_Driver/src/stm32f4xx_iwdg.c **** 
 180:../Libraries/STM32F4xx_StdPeriph_Driver/src/stm32f4xx_iwdg.c **** /**
 181:../Libraries/STM32F4xx_StdPeriph_Driver/src/stm32f4xx_iwdg.c ****   * @}
 182:../Libraries/STM32F4xx_StdPeriph_Driver/src/stm32f4xx_iwdg.c ****   */
 183:../Libraries/STM32F4xx_StdPeriph_Driver/src/stm32f4xx_iwdg.c **** 
 184:../Libraries/STM32F4xx_StdPeriph_Driver/src/stm32f4xx_iwdg.c **** /** @defgroup IWDG_Group2 IWDG activation function
 185:../Libraries/STM32F4xx_StdPeriph_Driver/src/stm32f4xx_iwdg.c ****  *  @brief   IWDG activation function 
 186:../Libraries/STM32F4xx_StdPeriph_Driver/src/stm32f4xx_iwdg.c ****  *
 187:../Libraries/STM32F4xx_StdPeriph_Driver/src/stm32f4xx_iwdg.c **** @verbatim   
 188:../Libraries/STM32F4xx_StdPeriph_Driver/src/stm32f4xx_iwdg.c ****  ===============================================================================
 189:../Libraries/STM32F4xx_StdPeriph_Driver/src/stm32f4xx_iwdg.c ****                           IWDG activation function
 190:../Libraries/STM32F4xx_StdPeriph_Driver/src/stm32f4xx_iwdg.c ****  ===============================================================================  
 191:../Libraries/STM32F4xx_StdPeriph_Driver/src/stm32f4xx_iwdg.c **** 
 192:../Libraries/STM32F4xx_StdPeriph_Driver/src/stm32f4xx_iwdg.c **** @endverbatim
 193:../Libraries/STM32F4xx_StdPeriph_Driver/src/stm32f4xx_iwdg.c ****   * @{
 194:../Libraries/STM32F4xx_StdPeriph_Driver/src/stm32f4xx_iwdg.c ****   */
 195:../Libraries/STM32F4xx_StdPeriph_Driver/src/stm32f4xx_iwdg.c **** 
 196:../Libraries/STM32F4xx_StdPeriph_Driver/src/stm32f4xx_iwdg.c **** /**
 197:../Libraries/STM32F4xx_StdPeriph_Driver/src/stm32f4xx_iwdg.c ****   * @brief  Enables IWDG (write access to IWDG_PR and IWDG_RLR registers disabled).
 198:../Libraries/STM32F4xx_StdPeriph_Driver/src/stm32f4xx_iwdg.c ****   * @param  None
 199:../Libraries/STM32F4xx_StdPeriph_Driver/src/stm32f4xx_iwdg.c ****   * @retval None
 200:../Libraries/STM32F4xx_StdPeriph_Driver/src/stm32f4xx_iwdg.c ****   */
 201:../Libraries/STM32F4xx_StdPeriph_Driver/src/stm32f4xx_iwdg.c **** void IWDG_Enable(void)
 202:../Libraries/STM32F4xx_StdPeriph_Driver/src/stm32f4xx_iwdg.c **** {
 180              		.loc 1 202 0
 181              		.cfi_startproc
 182              		@ args = 0, pretend = 0, frame = 0
 183              		@ frame_needed = 1, uses_anonymous_args = 0
 184              		@ link register save eliminated.
 185 0078 80B4     		push	{r7}
 186              	.LCFI11:
 187              		.cfi_def_cfa_offset 4
 188              		.cfi_offset 7, -4
 189 007a 00AF     		add	r7, sp, #0
 190              	.LCFI12:
 191              		.cfi_def_cfa_register 7
 203:../Libraries/STM32F4xx_StdPeriph_Driver/src/stm32f4xx_iwdg.c ****   IWDG->KR = KR_KEY_ENABLE;
 192              		.loc 1 203 0
 193 007c 034B     		ldr	r3, .L14
 194 007e 4CF6CC42 		movw	r2, #52428
 195 0082 1A60     		str	r2, [r3, #0]
 204:../Libraries/STM32F4xx_StdPeriph_Driver/src/stm32f4xx_iwdg.c **** }
 196              		.loc 1 204 0
 197 0084 BD46     		mov	sp, r7
 198 0086 80BC     		pop	{r7}
 199 0088 7047     		bx	lr
 200              	.L15:
 201 008a 00BF     		.align	2
 202              	.L14:
 203 008c 00300040 		.word	1073754112
 204              		.cfi_endproc
 205              	.LFE114:
 207              		.align	2
 208              		.global	IWDG_GetFlagStatus
 209              		.thumb
 210              		.thumb_func
 212              	IWDG_GetFlagStatus:
 213              	.LFB115:
 205:../Libraries/STM32F4xx_StdPeriph_Driver/src/stm32f4xx_iwdg.c **** 
 206:../Libraries/STM32F4xx_StdPeriph_Driver/src/stm32f4xx_iwdg.c **** /**
 207:../Libraries/STM32F4xx_StdPeriph_Driver/src/stm32f4xx_iwdg.c ****   * @}
 208:../Libraries/STM32F4xx_StdPeriph_Driver/src/stm32f4xx_iwdg.c ****   */
 209:../Libraries/STM32F4xx_StdPeriph_Driver/src/stm32f4xx_iwdg.c **** 
 210:../Libraries/STM32F4xx_StdPeriph_Driver/src/stm32f4xx_iwdg.c **** /** @defgroup IWDG_Group3 Flag management function 
 211:../Libraries/STM32F4xx_StdPeriph_Driver/src/stm32f4xx_iwdg.c ****  *  @brief  Flag management function  
 212:../Libraries/STM32F4xx_StdPeriph_Driver/src/stm32f4xx_iwdg.c ****  *
 213:../Libraries/STM32F4xx_StdPeriph_Driver/src/stm32f4xx_iwdg.c **** @verbatim   
 214:../Libraries/STM32F4xx_StdPeriph_Driver/src/stm32f4xx_iwdg.c ****  ===============================================================================
 215:../Libraries/STM32F4xx_StdPeriph_Driver/src/stm32f4xx_iwdg.c ****                             Flag management function 
 216:../Libraries/STM32F4xx_StdPeriph_Driver/src/stm32f4xx_iwdg.c ****  ===============================================================================  
 217:../Libraries/STM32F4xx_StdPeriph_Driver/src/stm32f4xx_iwdg.c **** 
 218:../Libraries/STM32F4xx_StdPeriph_Driver/src/stm32f4xx_iwdg.c **** @endverbatim
 219:../Libraries/STM32F4xx_StdPeriph_Driver/src/stm32f4xx_iwdg.c ****   * @{
 220:../Libraries/STM32F4xx_StdPeriph_Driver/src/stm32f4xx_iwdg.c ****   */
 221:../Libraries/STM32F4xx_StdPeriph_Driver/src/stm32f4xx_iwdg.c **** 
 222:../Libraries/STM32F4xx_StdPeriph_Driver/src/stm32f4xx_iwdg.c **** /**
 223:../Libraries/STM32F4xx_StdPeriph_Driver/src/stm32f4xx_iwdg.c ****   * @brief  Checks whether the specified IWDG flag is set or not.
 224:../Libraries/STM32F4xx_StdPeriph_Driver/src/stm32f4xx_iwdg.c ****   * @param  IWDG_FLAG: specifies the flag to check.
 225:../Libraries/STM32F4xx_StdPeriph_Driver/src/stm32f4xx_iwdg.c ****   *          This parameter can be one of the following values:
 226:../Libraries/STM32F4xx_StdPeriph_Driver/src/stm32f4xx_iwdg.c ****   *            @arg IWDG_FLAG_PVU: Prescaler Value Update on going
 227:../Libraries/STM32F4xx_StdPeriph_Driver/src/stm32f4xx_iwdg.c ****   *            @arg IWDG_FLAG_RVU: Reload Value Update on going
 228:../Libraries/STM32F4xx_StdPeriph_Driver/src/stm32f4xx_iwdg.c ****   * @retval The new state of IWDG_FLAG (SET or RESET).
 229:../Libraries/STM32F4xx_StdPeriph_Driver/src/stm32f4xx_iwdg.c ****   */
 230:../Libraries/STM32F4xx_StdPeriph_Driver/src/stm32f4xx_iwdg.c **** FlagStatus IWDG_GetFlagStatus(uint16_t IWDG_FLAG)
 231:../Libraries/STM32F4xx_StdPeriph_Driver/src/stm32f4xx_iwdg.c **** {
 214              		.loc 1 231 0
 215              		.cfi_startproc
 216              		@ args = 0, pretend = 0, frame = 16
 217              		@ frame_needed = 1, uses_anonymous_args = 0
 218              		@ link register save eliminated.
 219 0090 80B4     		push	{r7}
 220              	.LCFI13:
 221              		.cfi_def_cfa_offset 4
 222              		.cfi_offset 7, -4
 223 0092 85B0     		sub	sp, sp, #20
 224              	.LCFI14:
 225              		.cfi_def_cfa_offset 24
 226 0094 00AF     		add	r7, sp, #0
 227              	.LCFI15:
 228              		.cfi_def_cfa_register 7
 229 0096 0346     		mov	r3, r0
 230 0098 FB80     		strh	r3, [r7, #6]	@ movhi
 232:../Libraries/STM32F4xx_StdPeriph_Driver/src/stm32f4xx_iwdg.c ****   FlagStatus bitstatus = RESET;
 231              		.loc 1 232 0
 232 009a 4FF00003 		mov	r3, #0
 233 009e FB73     		strb	r3, [r7, #15]
 233:../Libraries/STM32F4xx_StdPeriph_Driver/src/stm32f4xx_iwdg.c ****   /* Check the parameters */
 234:../Libraries/STM32F4xx_StdPeriph_Driver/src/stm32f4xx_iwdg.c ****   assert_param(IS_IWDG_FLAG(IWDG_FLAG));
 235:../Libraries/STM32F4xx_StdPeriph_Driver/src/stm32f4xx_iwdg.c ****   if ((IWDG->SR & IWDG_FLAG) != (uint32_t)RESET)
 234              		.loc 1 235 0
 235 00a0 094B     		ldr	r3, .L20
 236 00a2 DA68     		ldr	r2, [r3, #12]
 237 00a4 FB88     		ldrh	r3, [r7, #6]
 238 00a6 1340     		ands	r3, r3, r2
 239 00a8 002B     		cmp	r3, #0
 240 00aa 03D0     		beq	.L17
 236:../Libraries/STM32F4xx_StdPeriph_Driver/src/stm32f4xx_iwdg.c ****   {
 237:../Libraries/STM32F4xx_StdPeriph_Driver/src/stm32f4xx_iwdg.c ****     bitstatus = SET;
 241              		.loc 1 237 0
 242 00ac 4FF00103 		mov	r3, #1
 243 00b0 FB73     		strb	r3, [r7, #15]
 244 00b2 02E0     		b	.L18
 245              	.L17:
 238:../Libraries/STM32F4xx_StdPeriph_Driver/src/stm32f4xx_iwdg.c ****   }
 239:../Libraries/STM32F4xx_StdPeriph_Driver/src/stm32f4xx_iwdg.c ****   else
 240:../Libraries/STM32F4xx_StdPeriph_Driver/src/stm32f4xx_iwdg.c ****   {
 241:../Libraries/STM32F4xx_StdPeriph_Driver/src/stm32f4xx_iwdg.c ****     bitstatus = RESET;
 246              		.loc 1 241 0
 247 00b4 4FF00003 		mov	r3, #0
 248 00b8 FB73     		strb	r3, [r7, #15]
 249              	.L18:
 242:../Libraries/STM32F4xx_StdPeriph_Driver/src/stm32f4xx_iwdg.c ****   }
 243:../Libraries/STM32F4xx_StdPeriph_Driver/src/stm32f4xx_iwdg.c ****   /* Return the flag status */
 244:../Libraries/STM32F4xx_StdPeriph_Driver/src/stm32f4xx_iwdg.c ****   return bitstatus;
 250              		.loc 1 244 0
 251 00ba FB7B     		ldrb	r3, [r7, #15]	@ zero_extendqisi2
 245:../Libraries/STM32F4xx_StdPeriph_Driver/src/stm32f4xx_iwdg.c **** }
 252              		.loc 1 245 0
 253 00bc 1846     		mov	r0, r3
 254 00be 07F11407 		add	r7, r7, #20
 255 00c2 BD46     		mov	sp, r7
 256 00c4 80BC     		pop	{r7}
 257 00c6 7047     		bx	lr
 258              	.L21:
 259              		.align	2
 260              	.L20:
 261 00c8 00300040 		.word	1073754112
 262              		.cfi_endproc
 263              	.LFE115:
 265              	.Letext0:
 266              		.file 2 "c:\\program files (x86)\\codesourcery\\sourcery_codebench_lite_for_arm_eabi\\bin\\../lib/
 267              		.file 3 "C:\\Users\\Gergo\\workspace\\estevan\\Libraries\\Device\\STM32F4xx\\Include/stm32f4xx.h"
 268              		.file 4 "C:\\Users\\Gergo\\workspace\\estevan\\Libraries\\CMSIS\\Include/core_cm4.h"
DEFINED SYMBOLS
                            *ABS*:00000000 stm32f4xx_iwdg.c
C:\Users\Gergo\AppData\Local\Temp\ccZeMRjA.s:18     .text:00000000 $t
C:\Users\Gergo\AppData\Local\Temp\ccZeMRjA.s:23     .text:00000000 IWDG_WriteAccessCmd
C:\Users\Gergo\AppData\Local\Temp\ccZeMRjA.s:55     .text:0000001c $d
C:\Users\Gergo\AppData\Local\Temp\ccZeMRjA.s:59     .text:00000020 $t
C:\Users\Gergo\AppData\Local\Temp\ccZeMRjA.s:64     .text:00000020 IWDG_SetPrescaler
C:\Users\Gergo\AppData\Local\Temp\ccZeMRjA.s:95     .text:0000003c $d
C:\Users\Gergo\AppData\Local\Temp\ccZeMRjA.s:99     .text:00000040 $t
C:\Users\Gergo\AppData\Local\Temp\ccZeMRjA.s:104    .text:00000040 IWDG_SetReload
C:\Users\Gergo\AppData\Local\Temp\ccZeMRjA.s:135    .text:0000005c $d
C:\Users\Gergo\AppData\Local\Temp\ccZeMRjA.s:139    .text:00000060 $t
C:\Users\Gergo\AppData\Local\Temp\ccZeMRjA.s:144    .text:00000060 IWDG_ReloadCounter
C:\Users\Gergo\AppData\Local\Temp\ccZeMRjA.s:169    .text:00000074 $d
C:\Users\Gergo\AppData\Local\Temp\ccZeMRjA.s:173    .text:00000078 $t
C:\Users\Gergo\AppData\Local\Temp\ccZeMRjA.s:178    .text:00000078 IWDG_Enable
C:\Users\Gergo\AppData\Local\Temp\ccZeMRjA.s:203    .text:0000008c $d
C:\Users\Gergo\AppData\Local\Temp\ccZeMRjA.s:207    .text:00000090 $t
C:\Users\Gergo\AppData\Local\Temp\ccZeMRjA.s:212    .text:00000090 IWDG_GetFlagStatus
C:\Users\Gergo\AppData\Local\Temp\ccZeMRjA.s:261    .text:000000c8 $d
                     .debug_frame:00000010 $d
                           .group:00000000 wm4.1.fa6ddc8087252f7ec15b7f8b8133d3d8
                           .group:00000000 wm4.stm32f4xx.h.48.0b3cda0630bac1bf9be1255cab0e1f3b
                           .group:00000000 wm4.core_cm4.h.32.f824aba4d431a5bb4a51726bd5b62834
                           .group:00000000 wm4.stdint.h.10.90b695f550ca6cc3fb08fa83baf01e05
                           .group:00000000 wm4.core_cmInstr.h.25.f50f886f2edf670cf199b35fd96f5c91
                           .group:00000000 wm4.core_cm4_simd.h.29.b4a3fdfb606cb3b26119424324d4b963
                           .group:00000000 wm4.core_cm4.h.153.5393ef7e6cebf34dd51ca528f9218ab3
                           .group:00000000 wm4.stm32f4xx.h.283.d309488c8c88fbc6a572fb5ddb72ae02
                           .group:00000000 wm4.stm32f4xx_exti.h.54.435fdeac3da378720d6c1615172f0bf3
                           .group:00000000 wm4.stm32f4xx_gpio.h.25.5bd1d790d742a307b55aea5fa8fcdae8
                           .group:00000000 wm4.stm32f4xx_rcc.h.24.a10ec6e94989efb0f8f7f56448e9bb60
                           .group:00000000 wm4.stm32f4xx_syscfg.h.25.9d5caab5677661b69e959531364e23d7
                           .group:00000000 wm4.stm32f4xx_tim.h.25.948f7fc943f34bd206e29758e77ee0a2
                           .group:00000000 wm4.misc.h.25.a0cb758c1f091b46f201b19cec9e63a1
                           .group:00000000 wm4.stm32f4xx.h.6967.11efd59d6a7da8b33ccb47eb4d57a5b3
                           .group:00000000 wm4.stm32f4xx_iwdg.h.52.109944bd492fecd182cc3f1769b55be5

NO UNDEFINED SYMBOLS
