   1              		.syntax unified
   2              		.cpu cortex-m4
   3              		.fpu softvfp
   4              		.eabi_attribute 20, 1
   5              		.eabi_attribute 21, 1
   6              		.eabi_attribute 23, 3
   7              		.eabi_attribute 24, 1
   8              		.eabi_attribute 25, 1
   9              		.eabi_attribute 26, 1
  10              		.eabi_attribute 30, 6
  11              		.eabi_attribute 34, 1
  12              		.eabi_attribute 18, 4
  13              		.thumb
  14              		.file	"ADC_Driver.c"
  15              		.text
  16              	.Ltext0:
  17              		.cfi_sections	.debug_frame
  18              		.comm	aADCDualConvertedValue,20,4
  19              		.align	2
  20              		.global	ADC_Driver_Init
  21              		.thumb
  22              		.thumb_func
  24              	ADC_Driver_Init:
  25              	.LFB110:
  26              		.file 1 "../Application/Module/TempMeasurement/ADC_Driver.c"
   1:../Application/Module/TempMeasurement/ADC_Driver.c **** /*
   2:../Application/Module/TempMeasurement/ADC_Driver.c ****  * ADC_Driver.c
   3:../Application/Module/TempMeasurement/ADC_Driver.c ****  *
   4:../Application/Module/TempMeasurement/ADC_Driver.c ****  *  Created on: 2014.07.16.
   5:../Application/Module/TempMeasurement/ADC_Driver.c ****  *      Author: Gergo
   6:../Application/Module/TempMeasurement/ADC_Driver.c ****  */
   7:../Application/Module/TempMeasurement/ADC_Driver.c **** 
   8:../Application/Module/TempMeasurement/ADC_Driver.c **** 
   9:../Application/Module/TempMeasurement/ADC_Driver.c **** #include "ADC_Driver.h"
  10:../Application/Module/TempMeasurement/ADC_Driver.c **** #include "stm32f4xx.h"
  11:../Application/Module/TempMeasurement/ADC_Driver.c **** #include "stm32f4_discovery.h"
  12:../Application/Module/TempMeasurement/ADC_Driver.c **** #include "stm32f4xx_adc.h"
  13:../Application/Module/TempMeasurement/ADC_Driver.c **** #include "stm32f4xx_dma.h"
  14:../Application/Module/TempMeasurement/ADC_Driver.c **** 
  15:../Application/Module/TempMeasurement/ADC_Driver.c **** __IO uint16_t aADCDualConvertedValue[NUMBER_OF_CONVERSIONS];
  16:../Application/Module/TempMeasurement/ADC_Driver.c **** #define ADC_CCR_ADDRESS    ((uint32_t)0x40012308)
  17:../Application/Module/TempMeasurement/ADC_Driver.c **** 
  18:../Application/Module/TempMeasurement/ADC_Driver.c **** void ADC_Driver_Init()
  19:../Application/Module/TempMeasurement/ADC_Driver.c **** {
  27              		.loc 1 19 0
  28              		.cfi_startproc
  29              		@ args = 0, pretend = 0, frame = 40
  30              		@ frame_needed = 1, uses_anonymous_args = 0
  31 0000 80B5     		push	{r7, lr}
  32              	.LCFI0:
  33              		.cfi_def_cfa_offset 8
  34              		.cfi_offset 7, -8
  35              		.cfi_offset 14, -4
  36 0002 8AB0     		sub	sp, sp, #40
  37              	.LCFI1:
  38              		.cfi_def_cfa_offset 48
  39 0004 00AF     		add	r7, sp, #0
  40              	.LCFI2:
  41              		.cfi_def_cfa_register 7
  20:../Application/Module/TempMeasurement/ADC_Driver.c **** 	ADC_CommonInitTypeDef ADC_CommonInitStructure;
  21:../Application/Module/TempMeasurement/ADC_Driver.c **** 	ADC_InitTypeDef ADC_InitStructure;
  22:../Application/Module/TempMeasurement/ADC_Driver.c **** 
  23:../Application/Module/TempMeasurement/ADC_Driver.c **** 	RCC_APB2PeriphClockCmd(RCC_APB2Periph_ADC1, ENABLE);
  42              		.loc 1 23 0
  43 0006 4FF48070 		mov	r0, #256
  44 000a 4FF00101 		mov	r1, #1
  45 000e FFF7FEFF 		bl	RCC_APB2PeriphClockCmd
  24:../Application/Module/TempMeasurement/ADC_Driver.c **** 	RCC_APB2PeriphClockCmd(RCC_APB2Periph_ADC2, ENABLE);
  46              		.loc 1 24 0
  47 0012 4FF40070 		mov	r0, #512
  48 0016 4FF00101 		mov	r1, #1
  49 001a FFF7FEFF 		bl	RCC_APB2PeriphClockCmd
  25:../Application/Module/TempMeasurement/ADC_Driver.c **** 
  26:../Application/Module/TempMeasurement/ADC_Driver.c **** 	/* DMA2 Stream0 channel0 configuration **************************************/
  27:../Application/Module/TempMeasurement/ADC_Driver.c **** 	DMA_Config();
  50              		.loc 1 27 0
  51 001e FFF7FEFF 		bl	DMA_Config
  28:../Application/Module/TempMeasurement/ADC_Driver.c **** 
  29:../Application/Module/TempMeasurement/ADC_Driver.c **** 	ADC_GPIO_Config();
  52              		.loc 1 29 0
  53 0022 FFF7FEFF 		bl	ADC_GPIO_Config
  30:../Application/Module/TempMeasurement/ADC_Driver.c **** 
  31:../Application/Module/TempMeasurement/ADC_Driver.c **** 	ADC_CommonInitStructure.ADC_Mode = ADC_DualMode_RegSimult;
  54              		.loc 1 31 0
  55 0026 4FF00603 		mov	r3, #6
  56 002a BB61     		str	r3, [r7, #24]
  32:../Application/Module/TempMeasurement/ADC_Driver.c **** 	ADC_CommonInitStructure.ADC_Prescaler = ADC_Prescaler_Div2;
  57              		.loc 1 32 0
  58 002c 4FF00003 		mov	r3, #0
  59 0030 FB61     		str	r3, [r7, #28]
  33:../Application/Module/TempMeasurement/ADC_Driver.c **** 	ADC_CommonInitStructure.ADC_DMAAccessMode = ADC_DMAAccessMode_1;
  60              		.loc 1 33 0
  61 0032 4FF48043 		mov	r3, #16384
  62 0036 3B62     		str	r3, [r7, #32]
  34:../Application/Module/TempMeasurement/ADC_Driver.c **** 	ADC_CommonInitStructure.ADC_TwoSamplingDelay = ADC_TwoSamplingDelay_20Cycles;
  63              		.loc 1 34 0
  64 0038 4FF47063 		mov	r3, #3840
  65 003c 7B62     		str	r3, [r7, #36]
  35:../Application/Module/TempMeasurement/ADC_Driver.c **** 	ADC_CommonInit(&ADC_CommonInitStructure);
  66              		.loc 1 35 0
  67 003e 07F11803 		add	r3, r7, #24
  68 0042 1846     		mov	r0, r3
  69 0044 FFF7FEFF 		bl	ADC_CommonInit
  36:../Application/Module/TempMeasurement/ADC_Driver.c **** 
  37:../Application/Module/TempMeasurement/ADC_Driver.c **** 	ADC_InitStructure.ADC_Resolution = ADC_Resolution_12b;
  70              		.loc 1 37 0
  71 0048 4FF00003 		mov	r3, #0
  72 004c 3B60     		str	r3, [r7, #0]
  38:../Application/Module/TempMeasurement/ADC_Driver.c **** 	ADC_InitStructure.ADC_ScanConvMode = ENABLE;
  73              		.loc 1 38 0
  74 004e 4FF00103 		mov	r3, #1
  75 0052 3B71     		strb	r3, [r7, #4]
  39:../Application/Module/TempMeasurement/ADC_Driver.c **** 	ADC_InitStructure.ADC_ContinuousConvMode = DISABLE;
  76              		.loc 1 39 0
  77 0054 4FF00003 		mov	r3, #0
  78 0058 7B71     		strb	r3, [r7, #5]
  40:../Application/Module/TempMeasurement/ADC_Driver.c **** 	ADC_InitStructure.ADC_ExternalTrigConvEdge = ADC_ExternalTrigConvEdge_None;
  79              		.loc 1 40 0
  80 005a 4FF00003 		mov	r3, #0
  81 005e BB60     		str	r3, [r7, #8]
  41:../Application/Module/TempMeasurement/ADC_Driver.c **** 	ADC_InitStructure.ADC_ExternalTrigConv = ADC_ExternalTrigConv_T1_CC1;
  82              		.loc 1 41 0
  83 0060 4FF00003 		mov	r3, #0
  84 0064 FB60     		str	r3, [r7, #12]
  42:../Application/Module/TempMeasurement/ADC_Driver.c **** 	ADC_InitStructure.ADC_DataAlign = ADC_DataAlign_Right;
  85              		.loc 1 42 0
  86 0066 4FF00003 		mov	r3, #0
  87 006a 3B61     		str	r3, [r7, #16]
  43:../Application/Module/TempMeasurement/ADC_Driver.c **** 	ADC_InitStructure.ADC_NbrOfConversion = 5;
  88              		.loc 1 43 0
  89 006c 4FF00503 		mov	r3, #5
  90 0070 3B75     		strb	r3, [r7, #20]
  44:../Application/Module/TempMeasurement/ADC_Driver.c **** 	ADC_Init(ADC1, &ADC_InitStructure);
  91              		.loc 1 44 0
  92 0072 3B46     		mov	r3, r7
  93 0074 4648     		ldr	r0, .L2
  94 0076 1946     		mov	r1, r3
  95 0078 FFF7FEFF 		bl	ADC_Init
  45:../Application/Module/TempMeasurement/ADC_Driver.c **** 
  46:../Application/Module/TempMeasurement/ADC_Driver.c **** 	ADC_RegularChannelConfig( ADC1, 	ADC_Channel_9, 		1,		ADC_SampleTime_480Cycles );
  96              		.loc 1 46 0
  97 007c 4448     		ldr	r0, .L2
  98 007e 4FF00901 		mov	r1, #9
  99 0082 4FF00102 		mov	r2, #1
 100 0086 4FF00703 		mov	r3, #7
 101 008a FFF7FEFF 		bl	ADC_RegularChannelConfig
  47:../Application/Module/TempMeasurement/ADC_Driver.c **** 	ADC_RegularChannelConfig( ADC1, 	ADC_Channel_15, 	2,		ADC_SampleTime_480Cycles );
 102              		.loc 1 47 0
 103 008e 4048     		ldr	r0, .L2
 104 0090 4FF00F01 		mov	r1, #15
 105 0094 4FF00202 		mov	r2, #2
 106 0098 4FF00703 		mov	r3, #7
 107 009c FFF7FEFF 		bl	ADC_RegularChannelConfig
  48:../Application/Module/TempMeasurement/ADC_Driver.c **** 	ADC_RegularChannelConfig( ADC1, 	ADC_Channel_5,	 	3,		ADC_SampleTime_480Cycles );
 108              		.loc 1 48 0
 109 00a0 3B48     		ldr	r0, .L2
 110 00a2 4FF00501 		mov	r1, #5
 111 00a6 4FF00302 		mov	r2, #3
 112 00aa 4FF00703 		mov	r3, #7
 113 00ae FFF7FEFF 		bl	ADC_RegularChannelConfig
  49:../Application/Module/TempMeasurement/ADC_Driver.c **** 	ADC_RegularChannelConfig( ADC1, 	ADC_Channel_3,	 	4,		ADC_SampleTime_480Cycles );
 114              		.loc 1 49 0
 115 00b2 3748     		ldr	r0, .L2
 116 00b4 4FF00301 		mov	r1, #3
 117 00b8 4FF00402 		mov	r2, #4
 118 00bc 4FF00703 		mov	r3, #7
 119 00c0 FFF7FEFF 		bl	ADC_RegularChannelConfig
  50:../Application/Module/TempMeasurement/ADC_Driver.c **** 	ADC_RegularChannelConfig( ADC1, 	ADC_Channel_1,	 	5,		ADC_SampleTime_480Cycles );
 120              		.loc 1 50 0
 121 00c4 3248     		ldr	r0, .L2
 122 00c6 4FF00101 		mov	r1, #1
 123 00ca 4FF00502 		mov	r2, #5
 124 00ce 4FF00703 		mov	r3, #7
 125 00d2 FFF7FEFF 		bl	ADC_RegularChannelConfig
  51:../Application/Module/TempMeasurement/ADC_Driver.c **** 
  52:../Application/Module/TempMeasurement/ADC_Driver.c **** 	ADC_InitStructure.ADC_Resolution = ADC_Resolution_12b;
 126              		.loc 1 52 0
 127 00d6 4FF00003 		mov	r3, #0
 128 00da 3B60     		str	r3, [r7, #0]
  53:../Application/Module/TempMeasurement/ADC_Driver.c **** 	ADC_InitStructure.ADC_ScanConvMode = ENABLE;
 129              		.loc 1 53 0
 130 00dc 4FF00103 		mov	r3, #1
 131 00e0 3B71     		strb	r3, [r7, #4]
  54:../Application/Module/TempMeasurement/ADC_Driver.c **** 	ADC_InitStructure.ADC_ContinuousConvMode = DISABLE;
 132              		.loc 1 54 0
 133 00e2 4FF00003 		mov	r3, #0
 134 00e6 7B71     		strb	r3, [r7, #5]
  55:../Application/Module/TempMeasurement/ADC_Driver.c **** 	ADC_InitStructure.ADC_ExternalTrigConvEdge = ADC_ExternalTrigConvEdge_None;
 135              		.loc 1 55 0
 136 00e8 4FF00003 		mov	r3, #0
 137 00ec BB60     		str	r3, [r7, #8]
  56:../Application/Module/TempMeasurement/ADC_Driver.c **** 	ADC_InitStructure.ADC_ExternalTrigConv = ADC_ExternalTrigConv_T1_CC1;
 138              		.loc 1 56 0
 139 00ee 4FF00003 		mov	r3, #0
 140 00f2 FB60     		str	r3, [r7, #12]
  57:../Application/Module/TempMeasurement/ADC_Driver.c **** 	ADC_InitStructure.ADC_DataAlign = ADC_DataAlign_Right;
 141              		.loc 1 57 0
 142 00f4 4FF00003 		mov	r3, #0
 143 00f8 3B61     		str	r3, [r7, #16]
  58:../Application/Module/TempMeasurement/ADC_Driver.c **** 	ADC_InitStructure.ADC_NbrOfConversion = 5;
 144              		.loc 1 58 0
 145 00fa 4FF00503 		mov	r3, #5
 146 00fe 3B75     		strb	r3, [r7, #20]
  59:../Application/Module/TempMeasurement/ADC_Driver.c **** 	ADC_Init(ADC2, &ADC_InitStructure);
 147              		.loc 1 59 0
 148 0100 3B46     		mov	r3, r7
 149 0102 2448     		ldr	r0, .L2+4
 150 0104 1946     		mov	r1, r3
 151 0106 FFF7FEFF 		bl	ADC_Init
  60:../Application/Module/TempMeasurement/ADC_Driver.c **** 
  61:../Application/Module/TempMeasurement/ADC_Driver.c **** 	ADC_RegularChannelConfig( ADC2, 	ADC_Channel_11,		1,		ADC_SampleTime_480Cycles );
 152              		.loc 1 61 0
 153 010a 2248     		ldr	r0, .L2+4
 154 010c 4FF00B01 		mov	r1, #11
 155 0110 4FF00102 		mov	r2, #1
 156 0114 4FF00703 		mov	r3, #7
 157 0118 FFF7FEFF 		bl	ADC_RegularChannelConfig
  62:../Application/Module/TempMeasurement/ADC_Driver.c **** 	ADC_RegularChannelConfig( ADC2, 	ADC_Channel_12,	 	2,		ADC_SampleTime_480Cycles );
 158              		.loc 1 62 0
 159 011c 1D48     		ldr	r0, .L2+4
 160 011e 4FF00C01 		mov	r1, #12
 161 0122 4FF00202 		mov	r2, #2
 162 0126 4FF00703 		mov	r3, #7
 163 012a FFF7FEFF 		bl	ADC_RegularChannelConfig
  63:../Application/Module/TempMeasurement/ADC_Driver.c **** 	ADC_RegularChannelConfig( ADC2, 	ADC_Channel_2,		3,		ADC_SampleTime_480Cycles );
 164              		.loc 1 63 0
 165 012e 1948     		ldr	r0, .L2+4
 166 0130 4FF00201 		mov	r1, #2
 167 0134 4FF00302 		mov	r2, #3
 168 0138 4FF00703 		mov	r3, #7
 169 013c FFF7FEFF 		bl	ADC_RegularChannelConfig
  64:../Application/Module/TempMeasurement/ADC_Driver.c **** 	ADC_RegularChannelConfig( ADC2, 	ADC_Channel_14, 	4,		ADC_SampleTime_480Cycles );
 170              		.loc 1 64 0
 171 0140 1448     		ldr	r0, .L2+4
 172 0142 4FF00E01 		mov	r1, #14
 173 0146 4FF00402 		mov	r2, #4
 174 014a 4FF00703 		mov	r3, #7
 175 014e FFF7FEFF 		bl	ADC_RegularChannelConfig
  65:../Application/Module/TempMeasurement/ADC_Driver.c **** 	ADC_RegularChannelConfig( ADC2, 	ADC_Channel_8,	 	5,		ADC_SampleTime_480Cycles );
 176              		.loc 1 65 0
 177 0152 1048     		ldr	r0, .L2+4
 178 0154 4FF00801 		mov	r1, #8
 179 0158 4FF00502 		mov	r2, #5
 180 015c 4FF00703 		mov	r3, #7
 181 0160 FFF7FEFF 		bl	ADC_RegularChannelConfig
  66:../Application/Module/TempMeasurement/ADC_Driver.c **** 
  67:../Application/Module/TempMeasurement/ADC_Driver.c **** 	ADC_MultiModeDMARequestAfterLastTransferCmd(ENABLE);
 182              		.loc 1 67 0
 183 0164 4FF00100 		mov	r0, #1
 184 0168 FFF7FEFF 		bl	ADC_MultiModeDMARequestAfterLastTransferCmd
  68:../Application/Module/TempMeasurement/ADC_Driver.c **** 
  69:../Application/Module/TempMeasurement/ADC_Driver.c **** 	/* Enable ADC1 */
  70:../Application/Module/TempMeasurement/ADC_Driver.c **** 	ADC_Cmd(ADC1, ENABLE);
 185              		.loc 1 70 0
 186 016c 0848     		ldr	r0, .L2
 187 016e 4FF00101 		mov	r1, #1
 188 0172 FFF7FEFF 		bl	ADC_Cmd
  71:../Application/Module/TempMeasurement/ADC_Driver.c **** 
  72:../Application/Module/TempMeasurement/ADC_Driver.c **** 	/* Enable ADC2 */
  73:../Application/Module/TempMeasurement/ADC_Driver.c **** 	ADC_Cmd(ADC2, ENABLE);
 189              		.loc 1 73 0
 190 0176 0748     		ldr	r0, .L2+4
 191 0178 4FF00101 		mov	r1, #1
 192 017c FFF7FEFF 		bl	ADC_Cmd
  74:../Application/Module/TempMeasurement/ADC_Driver.c **** 
  75:../Application/Module/TempMeasurement/ADC_Driver.c **** 	/* Start ADC1 Software Conversion */
  76:../Application/Module/TempMeasurement/ADC_Driver.c **** 	ADC_SoftwareStartConv(ADC1);
 193              		.loc 1 76 0
 194 0180 0348     		ldr	r0, .L2
 195 0182 FFF7FEFF 		bl	ADC_SoftwareStartConv
  77:../Application/Module/TempMeasurement/ADC_Driver.c **** }
 196              		.loc 1 77 0
 197 0186 07F12807 		add	r7, r7, #40
 198 018a BD46     		mov	sp, r7
 199 018c 80BD     		pop	{r7, pc}
 200              	.L3:
 201 018e 00BF     		.align	2
 202              	.L2:
 203 0190 00200140 		.word	1073815552
 204 0194 00210140 		.word	1073815808
 205              		.cfi_endproc
 206              	.LFE110:
 208              		.align	2
 209              		.global	DMA_Config
 210              		.thumb
 211              		.thumb_func
 213              	DMA_Config:
 214              	.LFB111:
  78:../Application/Module/TempMeasurement/ADC_Driver.c **** 
  79:../Application/Module/TempMeasurement/ADC_Driver.c **** void DMA_Config(void)
  80:../Application/Module/TempMeasurement/ADC_Driver.c **** {
 215              		.loc 1 80 0
 216              		.cfi_startproc
 217              		@ args = 0, pretend = 0, frame = 64
 218              		@ frame_needed = 1, uses_anonymous_args = 0
 219 0198 80B5     		push	{r7, lr}
 220              	.LCFI3:
 221              		.cfi_def_cfa_offset 8
 222              		.cfi_offset 7, -8
 223              		.cfi_offset 14, -4
 224 019a 90B0     		sub	sp, sp, #64
 225              	.LCFI4:
 226              		.cfi_def_cfa_offset 72
 227 019c 00AF     		add	r7, sp, #0
 228              	.LCFI5:
 229              		.cfi_def_cfa_register 7
  81:../Application/Module/TempMeasurement/ADC_Driver.c **** 	RCC_AHB1PeriphClockCmd(RCC_AHB1Periph_DMA2, ENABLE);
 230              		.loc 1 81 0
 231 019e 4FF48000 		mov	r0, #4194304
 232 01a2 4FF00101 		mov	r1, #1
 233 01a6 FFF7FEFF 		bl	RCC_AHB1PeriphClockCmd
  82:../Application/Module/TempMeasurement/ADC_Driver.c **** 
  83:../Application/Module/TempMeasurement/ADC_Driver.c **** 	DMA_InitTypeDef DMA_InitStructure;
  84:../Application/Module/TempMeasurement/ADC_Driver.c **** 
  85:../Application/Module/TempMeasurement/ADC_Driver.c **** 	DMA_InitStructure.DMA_Channel = DMA_Channel_0;
 234              		.loc 1 85 0
 235 01aa 4FF00003 		mov	r3, #0
 236 01ae 7B60     		str	r3, [r7, #4]
  86:../Application/Module/TempMeasurement/ADC_Driver.c **** 	DMA_InitStructure.DMA_Memory0BaseAddr = (uint32_t)&aADCDualConvertedValue;
 237              		.loc 1 86 0
 238 01b0 1B4B     		ldr	r3, .L5
 239 01b2 FB60     		str	r3, [r7, #12]
  87:../Application/Module/TempMeasurement/ADC_Driver.c **** 	DMA_InitStructure.DMA_PeripheralBaseAddr = (uint32_t)ADC_CCR_ADDRESS;
 240              		.loc 1 87 0
 241 01b4 1B4B     		ldr	r3, .L5+4
 242 01b6 BB60     		str	r3, [r7, #8]
  88:../Application/Module/TempMeasurement/ADC_Driver.c **** 	DMA_InitStructure.DMA_DIR = DMA_DIR_PeripheralToMemory;
 243              		.loc 1 88 0
 244 01b8 4FF00003 		mov	r3, #0
 245 01bc 3B61     		str	r3, [r7, #16]
  89:../Application/Module/TempMeasurement/ADC_Driver.c **** 	DMA_InitStructure.DMA_BufferSize = NUMBER_OF_CONVERSIONS;
 246              		.loc 1 89 0
 247 01be 4FF00A03 		mov	r3, #10
 248 01c2 7B61     		str	r3, [r7, #20]
  90:../Application/Module/TempMeasurement/ADC_Driver.c **** 	DMA_InitStructure.DMA_PeripheralInc = DMA_PeripheralInc_Disable;
 249              		.loc 1 90 0
 250 01c4 4FF00003 		mov	r3, #0
 251 01c8 BB61     		str	r3, [r7, #24]
  91:../Application/Module/TempMeasurement/ADC_Driver.c **** 	DMA_InitStructure.DMA_MemoryInc = DMA_MemoryInc_Enable;
 252              		.loc 1 91 0
 253 01ca 4FF48063 		mov	r3, #1024
 254 01ce FB61     		str	r3, [r7, #28]
  92:../Application/Module/TempMeasurement/ADC_Driver.c **** 	DMA_InitStructure.DMA_PeripheralDataSize = DMA_PeripheralDataSize_HalfWord;
 255              		.loc 1 92 0
 256 01d0 4FF40063 		mov	r3, #2048
 257 01d4 3B62     		str	r3, [r7, #32]
  93:../Application/Module/TempMeasurement/ADC_Driver.c **** 	DMA_InitStructure.DMA_MemoryDataSize = DMA_MemoryDataSize_HalfWord;
 258              		.loc 1 93 0
 259 01d6 4FF40053 		mov	r3, #8192
 260 01da 7B62     		str	r3, [r7, #36]
  94:../Application/Module/TempMeasurement/ADC_Driver.c **** 	DMA_InitStructure.DMA_Mode = DMA_Mode_Circular;
 261              		.loc 1 94 0
 262 01dc 4FF48073 		mov	r3, #256
 263 01e0 BB62     		str	r3, [r7, #40]
  95:../Application/Module/TempMeasurement/ADC_Driver.c **** 	DMA_InitStructure.DMA_Priority = DMA_Priority_High;
 264              		.loc 1 95 0
 265 01e2 4FF40033 		mov	r3, #131072
 266 01e6 FB62     		str	r3, [r7, #44]
  96:../Application/Module/TempMeasurement/ADC_Driver.c **** 	DMA_InitStructure.DMA_FIFOMode = DMA_FIFOMode_Enable;
 267              		.loc 1 96 0
 268 01e8 4FF00403 		mov	r3, #4
 269 01ec 3B63     		str	r3, [r7, #48]
  97:../Application/Module/TempMeasurement/ADC_Driver.c **** 	DMA_InitStructure.DMA_FIFOThreshold = DMA_FIFOThreshold_HalfFull;
 270              		.loc 1 97 0
 271 01ee 4FF00103 		mov	r3, #1
 272 01f2 7B63     		str	r3, [r7, #52]
  98:../Application/Module/TempMeasurement/ADC_Driver.c **** 	DMA_InitStructure.DMA_MemoryBurst = DMA_MemoryBurst_Single;
 273              		.loc 1 98 0
 274 01f4 4FF00003 		mov	r3, #0
 275 01f8 BB63     		str	r3, [r7, #56]
  99:../Application/Module/TempMeasurement/ADC_Driver.c **** 	DMA_InitStructure.DMA_PeripheralBurst = DMA_PeripheralBurst_Single;
 276              		.loc 1 99 0
 277 01fa 4FF00003 		mov	r3, #0
 278 01fe FB63     		str	r3, [r7, #60]
 100:../Application/Module/TempMeasurement/ADC_Driver.c **** 	DMA_Init(DMA2_Stream0, &DMA_InitStructure);
 279              		.loc 1 100 0
 280 0200 07F10403 		add	r3, r7, #4
 281 0204 0848     		ldr	r0, .L5+8
 282 0206 1946     		mov	r1, r3
 283 0208 FFF7FEFF 		bl	DMA_Init
 101:../Application/Module/TempMeasurement/ADC_Driver.c **** 
 102:../Application/Module/TempMeasurement/ADC_Driver.c **** 	/* DMA2_Stream0 enable */
 103:../Application/Module/TempMeasurement/ADC_Driver.c **** 	DMA_Cmd(DMA2_Stream0, ENABLE);
 284              		.loc 1 103 0
 285 020c 0648     		ldr	r0, .L5+8
 286 020e 4FF00101 		mov	r1, #1
 287 0212 FFF7FEFF 		bl	DMA_Cmd
 104:../Application/Module/TempMeasurement/ADC_Driver.c **** }
 288              		.loc 1 104 0
 289 0216 07F14007 		add	r7, r7, #64
 290 021a BD46     		mov	sp, r7
 291 021c 80BD     		pop	{r7, pc}
 292              	.L6:
 293 021e 00BF     		.align	2
 294              	.L5:
 295 0220 00000000 		.word	aADCDualConvertedValue
 296 0224 08230140 		.word	1073816328
 297 0228 10640240 		.word	1073898512
 298              		.cfi_endproc
 299              	.LFE111:
 301              		.align	2
 302              		.global	ADC_GPIO_Config
 303              		.thumb
 304              		.thumb_func
 306              	ADC_GPIO_Config:
 307              	.LFB112:
 105:../Application/Module/TempMeasurement/ADC_Driver.c **** 
 106:../Application/Module/TempMeasurement/ADC_Driver.c **** 
 107:../Application/Module/TempMeasurement/ADC_Driver.c **** void ADC_GPIO_Config(void)
 108:../Application/Module/TempMeasurement/ADC_Driver.c **** {
 308              		.loc 1 108 0
 309              		.cfi_startproc
 310              		@ args = 0, pretend = 0, frame = 8
 311              		@ frame_needed = 1, uses_anonymous_args = 0
 312 022c 80B5     		push	{r7, lr}
 313              	.LCFI6:
 314              		.cfi_def_cfa_offset 8
 315              		.cfi_offset 7, -8
 316              		.cfi_offset 14, -4
 317 022e 82B0     		sub	sp, sp, #8
 318              	.LCFI7:
 319              		.cfi_def_cfa_offset 16
 320 0230 00AF     		add	r7, sp, #0
 321              	.LCFI8:
 322              		.cfi_def_cfa_register 7
 109:../Application/Module/TempMeasurement/ADC_Driver.c **** 	GPIO_InitTypeDef GPIO_InitStructure;
 110:../Application/Module/TempMeasurement/ADC_Driver.c **** 	RCC_AHB1PeriphClockCmd(RCC_AHB1Periph_GPIOA, ENABLE);
 323              		.loc 1 110 0
 324 0232 4FF00100 		mov	r0, #1
 325 0236 4FF00101 		mov	r1, #1
 326 023a FFF7FEFF 		bl	RCC_AHB1PeriphClockCmd
 111:../Application/Module/TempMeasurement/ADC_Driver.c **** 	RCC_AHB1PeriphClockCmd(RCC_AHB1Periph_GPIOB, ENABLE);
 327              		.loc 1 111 0
 328 023e 4FF00200 		mov	r0, #2
 329 0242 4FF00101 		mov	r1, #1
 330 0246 FFF7FEFF 		bl	RCC_AHB1PeriphClockCmd
 112:../Application/Module/TempMeasurement/ADC_Driver.c **** 	RCC_AHB1PeriphClockCmd(RCC_AHB1Periph_GPIOC, ENABLE);
 331              		.loc 1 112 0
 332 024a 4FF00400 		mov	r0, #4
 333 024e 4FF00101 		mov	r1, #1
 334 0252 FFF7FEFF 		bl	RCC_AHB1PeriphClockCmd
 113:../Application/Module/TempMeasurement/ADC_Driver.c **** 
 114:../Application/Module/TempMeasurement/ADC_Driver.c **** 
 115:../Application/Module/TempMeasurement/ADC_Driver.c **** 	GPIO_InitStructure.GPIO_Pin = GPIO_Pin_1 | GPIO_Pin_2 | GPIO_Pin_3 | GPIO_Pin_5;
 335              		.loc 1 115 0
 336 0256 4FF02E03 		mov	r3, #46
 337 025a 3B60     		str	r3, [r7, #0]
 116:../Application/Module/TempMeasurement/ADC_Driver.c **** 	GPIO_InitStructure.GPIO_Mode = GPIO_Mode_AN;
 338              		.loc 1 116 0
 339 025c 4FF00303 		mov	r3, #3
 340 0260 3B71     		strb	r3, [r7, #4]
 117:../Application/Module/TempMeasurement/ADC_Driver.c **** 	GPIO_InitStructure.GPIO_PuPd = GPIO_PuPd_NOPULL ;
 341              		.loc 1 117 0
 342 0262 4FF00003 		mov	r3, #0
 343 0266 FB71     		strb	r3, [r7, #7]
 118:../Application/Module/TempMeasurement/ADC_Driver.c **** 	GPIO_Init(GPIOA, &GPIO_InitStructure);
 344              		.loc 1 118 0
 345 0268 3B46     		mov	r3, r7
 346 026a 0C48     		ldr	r0, .L8
 347 026c 1946     		mov	r1, r3
 348 026e FFF7FEFF 		bl	GPIO_Init
 119:../Application/Module/TempMeasurement/ADC_Driver.c **** 
 120:../Application/Module/TempMeasurement/ADC_Driver.c **** 	GPIO_InitStructure.GPIO_Pin = GPIO_Pin_0 | GPIO_Pin_1;
 349              		.loc 1 120 0
 350 0272 4FF00303 		mov	r3, #3
 351 0276 3B60     		str	r3, [r7, #0]
 121:../Application/Module/TempMeasurement/ADC_Driver.c **** 	GPIO_Init(GPIOB, &GPIO_InitStructure);
 352              		.loc 1 121 0
 353 0278 3B46     		mov	r3, r7
 354 027a 0948     		ldr	r0, .L8+4
 355 027c 1946     		mov	r1, r3
 356 027e FFF7FEFF 		bl	GPIO_Init
 122:../Application/Module/TempMeasurement/ADC_Driver.c **** 
 123:../Application/Module/TempMeasurement/ADC_Driver.c **** 	GPIO_InitStructure.GPIO_Pin = GPIO_Pin_1 | GPIO_Pin_2 | GPIO_Pin_4 | GPIO_Pin_5;
 357              		.loc 1 123 0
 358 0282 4FF03603 		mov	r3, #54
 359 0286 3B60     		str	r3, [r7, #0]
 124:../Application/Module/TempMeasurement/ADC_Driver.c **** 	GPIO_Init(GPIOC, &GPIO_InitStructure);
 360              		.loc 1 124 0
 361 0288 3B46     		mov	r3, r7
 362 028a 0648     		ldr	r0, .L8+8
 363 028c 1946     		mov	r1, r3
 364 028e FFF7FEFF 		bl	GPIO_Init
 125:../Application/Module/TempMeasurement/ADC_Driver.c **** }
 365              		.loc 1 125 0
 366 0292 07F10807 		add	r7, r7, #8
 367 0296 BD46     		mov	sp, r7
 368 0298 80BD     		pop	{r7, pc}
 369              	.L9:
 370 029a 00BF     		.align	2
 371              	.L8:
 372 029c 00000240 		.word	1073872896
 373 02a0 00040240 		.word	1073873920
 374 02a4 00080240 		.word	1073874944
 375              		.cfi_endproc
 376              	.LFE112:
 378              	.Letext0:
 379              		.file 2 "c:\\program files (x86)\\codesourcery\\sourcery_codebench_lite_for_arm_eabi\\bin\\../lib/
 380              		.file 3 "C:\\Users\\Gergo\\workspace\\estevan\\Libraries\\Device\\STM32F4xx\\Include/stm32f4xx.h"
 381              		.file 4 "C:\\Users\\Gergo\\workspace\\estevan\\Libraries\\STM32F4xx_StdPeriph_Driver\\inc/stm32f4x
 382              		.file 5 "C:\\Users\\Gergo\\workspace\\estevan\\Libraries\\STM32F4xx_StdPeriph_Driver\\inc/stm32f4x
 383              		.file 6 "C:\\Users\\Gergo\\workspace\\estevan\\Libraries\\STM32F4xx_StdPeriph_Driver\\inc/stm32f4x
 384              		.file 7 "C:\\Users\\Gergo\\workspace\\estevan\\Libraries\\CMSIS\\Include/core_cm4.h"
DEFINED SYMBOLS
                            *ABS*:00000000 ADC_Driver.c
                            *COM*:00000014 aADCDualConvertedValue
C:\Users\Gergo\AppData\Local\Temp\ccTBxWyk.s:19     .text:00000000 $t
C:\Users\Gergo\AppData\Local\Temp\ccTBxWyk.s:24     .text:00000000 ADC_Driver_Init
C:\Users\Gergo\AppData\Local\Temp\ccTBxWyk.s:213    .text:00000198 DMA_Config
C:\Users\Gergo\AppData\Local\Temp\ccTBxWyk.s:306    .text:0000022c ADC_GPIO_Config
C:\Users\Gergo\AppData\Local\Temp\ccTBxWyk.s:203    .text:00000190 $d
C:\Users\Gergo\AppData\Local\Temp\ccTBxWyk.s:208    .text:00000198 $t
C:\Users\Gergo\AppData\Local\Temp\ccTBxWyk.s:295    .text:00000220 $d
C:\Users\Gergo\AppData\Local\Temp\ccTBxWyk.s:301    .text:0000022c $t
C:\Users\Gergo\AppData\Local\Temp\ccTBxWyk.s:372    .text:0000029c $d
                     .debug_frame:00000010 $d
                           .group:00000000 wm4.1.fa6ddc8087252f7ec15b7f8b8133d3d8
                           .group:00000000 wm4.ADC_Driver.h.9.6d43d163a0368e059ce768ff8809edd7
                           .group:00000000 wm4.stm32f4xx.h.48.0b3cda0630bac1bf9be1255cab0e1f3b
                           .group:00000000 wm4.core_cm4.h.32.f824aba4d431a5bb4a51726bd5b62834
                           .group:00000000 wm4.stdint.h.10.90b695f550ca6cc3fb08fa83baf01e05
                           .group:00000000 wm4.core_cmInstr.h.25.f50f886f2edf670cf199b35fd96f5c91
                           .group:00000000 wm4.core_cm4_simd.h.29.b4a3fdfb606cb3b26119424324d4b963
                           .group:00000000 wm4.core_cm4.h.153.5393ef7e6cebf34dd51ca528f9218ab3
                           .group:00000000 wm4.stm32f4xx.h.283.d309488c8c88fbc6a572fb5ddb72ae02
                           .group:00000000 wm4.stm32f4xx_exti.h.54.435fdeac3da378720d6c1615172f0bf3
                           .group:00000000 wm4.stm32f4xx_gpio.h.25.5bd1d790d742a307b55aea5fa8fcdae8
                           .group:00000000 wm4.stm32f4xx_rcc.h.24.a10ec6e94989efb0f8f7f56448e9bb60
                           .group:00000000 wm4.stm32f4xx_syscfg.h.25.9d5caab5677661b69e959531364e23d7
                           .group:00000000 wm4.stm32f4xx_tim.h.25.948f7fc943f34bd206e29758e77ee0a2
                           .group:00000000 wm4.misc.h.25.a0cb758c1f091b46f201b19cec9e63a1
                           .group:00000000 wm4.stm32f4xx.h.6967.11efd59d6a7da8b33ccb47eb4d57a5b3
                           .group:00000000 wm4.stm32f4_discovery.h.9.69df787b302fd7109e743d57c482f6e5
                           .group:00000000 wm4.stm32f4xx_adc.h.25.80f895788ceb875268c0a50aca789b33
                           .group:00000000 wm4.stm32f4xx_dma.h.25.c1fa1d44ae0bc9c2b3a0d1d355d8c1e6

UNDEFINED SYMBOLS
RCC_APB2PeriphClockCmd
ADC_CommonInit
ADC_Init
ADC_RegularChannelConfig
ADC_MultiModeDMARequestAfterLastTransferCmd
ADC_Cmd
ADC_SoftwareStartConv
RCC_AHB1PeriphClockCmd
DMA_Init
DMA_Cmd
GPIO_Init
