   1              		.syntax unified
   2              		.cpu cortex-m4
   3              		.fpu softvfp
   4              		.eabi_attribute 20, 1
   5              		.eabi_attribute 21, 1
   6              		.eabi_attribute 23, 3
   7              		.eabi_attribute 24, 1
   8              		.eabi_attribute 25, 1
   9              		.eabi_attribute 26, 1
  10              		.eabi_attribute 30, 6
  11              		.eabi_attribute 34, 1
  12              		.eabi_attribute 18, 4
  13              		.thumb
  14              		.file	"inputs.c"
  15              		.text
  16              	.Ltext0:
  17              		.cfi_sections	.debug_frame
  18              		.align	2
  19              		.global	Inputs_Init
  20              		.thumb
  21              		.thumb_func
  23              	Inputs_Init:
  24              	.LFB110:
  25              		.file 1 "../src/inputs.c"
   1:../src/inputs.c **** /*
   2:../src/inputs.c ****  * inputs.c
   3:../src/inputs.c ****  *
   4:../src/inputs.c ****  *  Created on: 2013.07.01.
   5:../src/inputs.c ****  *      Author: Gergo
   6:../src/inputs.c ****  */
   7:../src/inputs.c **** 
   8:../src/inputs.c **** 
   9:../src/inputs.c **** #include "inputs.h"
  10:../src/inputs.c **** #include "stm32f4xx.h"
  11:../src/inputs.c **** 
  12:../src/inputs.c **** void Inputs_Init()
  13:../src/inputs.c **** {
  26              		.loc 1 13 0
  27              		.cfi_startproc
  28              		@ args = 0, pretend = 0, frame = 24
  29              		@ frame_needed = 1, uses_anonymous_args = 0
  30 0000 80B5     		push	{r7, lr}
  31              	.LCFI0:
  32              		.cfi_def_cfa_offset 8
  33              		.cfi_offset 7, -8
  34              		.cfi_offset 14, -4
  35 0002 86B0     		sub	sp, sp, #24
  36              	.LCFI1:
  37              		.cfi_def_cfa_offset 32
  38 0004 00AF     		add	r7, sp, #0
  39              	.LCFI2:
  40              		.cfi_def_cfa_register 7
  14:../src/inputs.c ****     GPIO_InitTypeDef GPIO_InitStructure;
  15:../src/inputs.c ****     EXTI_InitTypeDef  EXTI_InitStructure;
  16:../src/inputs.c ****     NVIC_InitTypeDef NVIC_InitStructure;
  17:../src/inputs.c **** 
  18:../src/inputs.c ****     RCC_AHB1PeriphClockCmd(RCC_AHB1Periph_GPIOD, ENABLE);
  41              		.loc 1 18 0
  42 0006 4FF00800 		mov	r0, #8
  43 000a 4FF00101 		mov	r1, #1
  44 000e FFF7FEFF 		bl	RCC_AHB1PeriphClockCmd
  19:../src/inputs.c ****     RCC_APB2PeriphClockCmd(RCC_APB2Periph_SYSCFG,ENABLE);//Kulso megszakitas orajele
  45              		.loc 1 19 0
  46 0012 4FF48040 		mov	r0, #16384
  47 0016 4FF00101 		mov	r1, #1
  48 001a FFF7FEFF 		bl	RCC_APB2PeriphClockCmd
  20:../src/inputs.c **** 
  21:../src/inputs.c **** 
  22:../src/inputs.c ****     GPIO_InitStructure.GPIO_Pin = GPIO_Pin_0 | GPIO_Pin_1 | GPIO_Pin_2 | GPIO_Pin_3 | GPIO_Pin_6 | 
  49              		.loc 1 22 0
  50 001e 4FF0CF03 		mov	r3, #207
  51 0022 3B61     		str	r3, [r7, #16]
  23:../src/inputs.c ****     GPIO_InitStructure.GPIO_Mode = GPIO_Mode_IN;
  52              		.loc 1 23 0
  53 0024 4FF00003 		mov	r3, #0
  54 0028 3B75     		strb	r3, [r7, #20]
  24:../src/inputs.c ****     GPIO_InitStructure.GPIO_Speed = GPIO_Speed_2MHz;
  55              		.loc 1 24 0
  56 002a 4FF00003 		mov	r3, #0
  57 002e 7B75     		strb	r3, [r7, #21]
  25:../src/inputs.c ****     GPIO_InitStructure.GPIO_OType = GPIO_OType_PP;
  58              		.loc 1 25 0
  59 0030 4FF00003 		mov	r3, #0
  60 0034 BB75     		strb	r3, [r7, #22]
  26:../src/inputs.c ****     GPIO_InitStructure.GPIO_PuPd = GPIO_PuPd_NOPULL;
  61              		.loc 1 26 0
  62 0036 4FF00003 		mov	r3, #0
  63 003a FB75     		strb	r3, [r7, #23]
  27:../src/inputs.c ****     GPIO_Init(GPIOD, &GPIO_InitStructure);
  64              		.loc 1 27 0
  65 003c 07F11003 		add	r3, r7, #16
  66 0040 7848     		ldr	r0, .L2
  67 0042 1946     		mov	r1, r3
  68 0044 FFF7FEFF 		bl	GPIO_Init
  28:../src/inputs.c **** 
  29:../src/inputs.c **** 
  30:../src/inputs.c **** 
  31:../src/inputs.c **** /*                              Megszakításvezérlõ egység konfigurálása                            
  32:../src/inputs.c **** 
  33:../src/inputs.c ****     NVIC_PriorityGroupConfig(NVIC_PriorityGroup_3); //Ezzel a beállítással 8 preemption és 2 sub pr
  69              		.loc 1 33 0
  70 0048 4FF48060 		mov	r0, #1024
  71 004c FFF7FEFF 		bl	NVIC_PriorityGroupConfig
  34:../src/inputs.c **** 
  35:../src/inputs.c ****     // Az input 1 és 2 megszakítás vezérlõ (NVIC) konfigja.
  36:../src/inputs.c ****     NVIC_InitStructure.NVIC_IRQChannel = EXTI9_5_IRQn;
  72              		.loc 1 36 0
  73 0050 4FF01703 		mov	r3, #23
  74 0054 3B71     		strb	r3, [r7, #4]
  37:../src/inputs.c ****     NVIC_InitStructure.NVIC_IRQChannelPreemptionPriority = 5;
  75              		.loc 1 37 0
  76 0056 4FF00503 		mov	r3, #5
  77 005a 7B71     		strb	r3, [r7, #5]
  38:../src/inputs.c ****     NVIC_InitStructure.NVIC_IRQChannelSubPriority = 1;
  78              		.loc 1 38 0
  79 005c 4FF00103 		mov	r3, #1
  80 0060 BB71     		strb	r3, [r7, #6]
  39:../src/inputs.c ****     NVIC_InitStructure.NVIC_IRQChannelCmd = ENABLE;
  81              		.loc 1 39 0
  82 0062 4FF00103 		mov	r3, #1
  83 0066 FB71     		strb	r3, [r7, #7]
  40:../src/inputs.c ****     NVIC_Init(&NVIC_InitStructure);
  84              		.loc 1 40 0
  85 0068 07F10403 		add	r3, r7, #4
  86 006c 1846     		mov	r0, r3
  87 006e FFF7FEFF 		bl	NVIC_Init
  41:../src/inputs.c **** 
  42:../src/inputs.c ****     // Az input 3 megszakítás vezérlõ (NVIC) konfigja.
  43:../src/inputs.c ****     NVIC_InitStructure.NVIC_IRQChannel = EXTI3_IRQn;
  88              		.loc 1 43 0
  89 0072 4FF00903 		mov	r3, #9
  90 0076 3B71     		strb	r3, [r7, #4]
  44:../src/inputs.c ****     NVIC_InitStructure.NVIC_IRQChannelPreemptionPriority = 5;
  91              		.loc 1 44 0
  92 0078 4FF00503 		mov	r3, #5
  93 007c 7B71     		strb	r3, [r7, #5]
  45:../src/inputs.c ****     NVIC_InitStructure.NVIC_IRQChannelSubPriority = 0;
  94              		.loc 1 45 0
  95 007e 4FF00003 		mov	r3, #0
  96 0082 BB71     		strb	r3, [r7, #6]
  46:../src/inputs.c ****     NVIC_InitStructure.NVIC_IRQChannelCmd = ENABLE;
  97              		.loc 1 46 0
  98 0084 4FF00103 		mov	r3, #1
  99 0088 FB71     		strb	r3, [r7, #7]
  47:../src/inputs.c ****     NVIC_Init(&NVIC_InitStructure);
 100              		.loc 1 47 0
 101 008a 07F10403 		add	r3, r7, #4
 102 008e 1846     		mov	r0, r3
 103 0090 FFF7FEFF 		bl	NVIC_Init
  48:../src/inputs.c **** 
  49:../src/inputs.c ****     // Az input 4 megszakítás vezérlõ (NVIC) konfigja.
  50:../src/inputs.c ****     NVIC_InitStructure.NVIC_IRQChannel = EXTI2_IRQn;
 104              		.loc 1 50 0
 105 0094 4FF00803 		mov	r3, #8
 106 0098 3B71     		strb	r3, [r7, #4]
  51:../src/inputs.c ****     NVIC_InitStructure.NVIC_IRQChannelPreemptionPriority = 5;
 107              		.loc 1 51 0
 108 009a 4FF00503 		mov	r3, #5
 109 009e 7B71     		strb	r3, [r7, #5]
  52:../src/inputs.c ****     NVIC_InitStructure.NVIC_IRQChannelSubPriority = 0;
 110              		.loc 1 52 0
 111 00a0 4FF00003 		mov	r3, #0
 112 00a4 BB71     		strb	r3, [r7, #6]
  53:../src/inputs.c ****     NVIC_InitStructure.NVIC_IRQChannelCmd = ENABLE;
 113              		.loc 1 53 0
 114 00a6 4FF00103 		mov	r3, #1
 115 00aa FB71     		strb	r3, [r7, #7]
  54:../src/inputs.c ****     NVIC_Init(&NVIC_InitStructure);
 116              		.loc 1 54 0
 117 00ac 07F10403 		add	r3, r7, #4
 118 00b0 1846     		mov	r0, r3
 119 00b2 FFF7FEFF 		bl	NVIC_Init
  55:../src/inputs.c **** 
  56:../src/inputs.c ****     // Az input 5 megszakítás vezérlõ (NVIC) konfigja.
  57:../src/inputs.c ****     NVIC_InitStructure.NVIC_IRQChannel = EXTI1_IRQn;
 120              		.loc 1 57 0
 121 00b6 4FF00703 		mov	r3, #7
 122 00ba 3B71     		strb	r3, [r7, #4]
  58:../src/inputs.c ****     NVIC_InitStructure.NVIC_IRQChannelPreemptionPriority = 5;
 123              		.loc 1 58 0
 124 00bc 4FF00503 		mov	r3, #5
 125 00c0 7B71     		strb	r3, [r7, #5]
  59:../src/inputs.c ****     NVIC_InitStructure.NVIC_IRQChannelSubPriority = 1;
 126              		.loc 1 59 0
 127 00c2 4FF00103 		mov	r3, #1
 128 00c6 BB71     		strb	r3, [r7, #6]
  60:../src/inputs.c ****     NVIC_InitStructure.NVIC_IRQChannelCmd = ENABLE;
 129              		.loc 1 60 0
 130 00c8 4FF00103 		mov	r3, #1
 131 00cc FB71     		strb	r3, [r7, #7]
  61:../src/inputs.c ****     NVIC_Init(&NVIC_InitStructure);
 132              		.loc 1 61 0
 133 00ce 07F10403 		add	r3, r7, #4
 134 00d2 1846     		mov	r0, r3
 135 00d4 FFF7FEFF 		bl	NVIC_Init
  62:../src/inputs.c **** 
  63:../src/inputs.c ****     // Az input 6 megszakítás vezérlõ (NVIC) konfigja.
  64:../src/inputs.c ****     NVIC_InitStructure.NVIC_IRQChannel = EXTI0_IRQn;
 136              		.loc 1 64 0
 137 00d8 4FF00603 		mov	r3, #6
 138 00dc 3B71     		strb	r3, [r7, #4]
  65:../src/inputs.c ****     NVIC_InitStructure.NVIC_IRQChannelPreemptionPriority = 5;
 139              		.loc 1 65 0
 140 00de 4FF00503 		mov	r3, #5
 141 00e2 7B71     		strb	r3, [r7, #5]
  66:../src/inputs.c ****     NVIC_InitStructure.NVIC_IRQChannelSubPriority = 0;
 142              		.loc 1 66 0
 143 00e4 4FF00003 		mov	r3, #0
 144 00e8 BB71     		strb	r3, [r7, #6]
  67:../src/inputs.c ****     NVIC_InitStructure.NVIC_IRQChannelCmd = ENABLE;
 145              		.loc 1 67 0
 146 00ea 4FF00103 		mov	r3, #1
 147 00ee FB71     		strb	r3, [r7, #7]
  68:../src/inputs.c ****     NVIC_Init(&NVIC_InitStructure);
 148              		.loc 1 68 0
 149 00f0 07F10403 		add	r3, r7, #4
 150 00f4 1846     		mov	r0, r3
 151 00f6 FFF7FEFF 		bl	NVIC_Init
  69:../src/inputs.c **** 
  70:../src/inputs.c **** 
  71:../src/inputs.c **** 
  72:../src/inputs.c ****     /*                              Külsõ megszakítás vezérlõ modul konfigurálása                  
  73:../src/inputs.c **** 
  74:../src/inputs.c ****     //Input 1 konfigurálása
  75:../src/inputs.c ****     RCC_APB2PeriphClockCmd(RCC_APB2Periph_SYSCFG,ENABLE);
 152              		.loc 1 75 0
 153 00fa 4FF48040 		mov	r0, #16384
 154 00fe 4FF00101 		mov	r1, #1
 155 0102 FFF7FEFF 		bl	RCC_APB2PeriphClockCmd
  76:../src/inputs.c ****     SYSCFG_EXTILineConfig(EXTI_PortSourceGPIOD, EXTI_PinSource6);
 156              		.loc 1 76 0
 157 0106 4FF00300 		mov	r0, #3
 158 010a 4FF00601 		mov	r1, #6
 159 010e FFF7FEFF 		bl	SYSCFG_EXTILineConfig
  77:../src/inputs.c **** 
  78:../src/inputs.c ****     EXTI_InitStructure.EXTI_Line = EXTI_Line6;
 160              		.loc 1 78 0
 161 0112 4FF04003 		mov	r3, #64
 162 0116 BB60     		str	r3, [r7, #8]
  79:../src/inputs.c ****     EXTI_InitStructure.EXTI_LineCmd = ENABLE;
 163              		.loc 1 79 0
 164 0118 4FF00103 		mov	r3, #1
 165 011c BB73     		strb	r3, [r7, #14]
  80:../src/inputs.c ****     EXTI_InitStructure.EXTI_Mode = EXTI_Mode_Interrupt;
 166              		.loc 1 80 0
 167 011e 4FF00003 		mov	r3, #0
 168 0122 3B73     		strb	r3, [r7, #12]
  81:../src/inputs.c ****     EXTI_InitStructure.EXTI_Trigger = EXTI_Trigger_Falling;;
 169              		.loc 1 81 0
 170 0124 4FF00C03 		mov	r3, #12
 171 0128 7B73     		strb	r3, [r7, #13]
  82:../src/inputs.c ****     EXTI_Init(&EXTI_InitStructure);
 172              		.loc 1 82 0
 173 012a 07F10803 		add	r3, r7, #8
 174 012e 1846     		mov	r0, r3
 175 0130 FFF7FEFF 		bl	EXTI_Init
  83:../src/inputs.c **** 
  84:../src/inputs.c ****     //Input 2 konfigurálása
  85:../src/inputs.c **** 
  86:../src/inputs.c ****     SYSCFG_EXTILineConfig(EXTI_PortSourceGPIOD, EXTI_PinSource7 );
 176              		.loc 1 86 0
 177 0134 4FF00300 		mov	r0, #3
 178 0138 4FF00701 		mov	r1, #7
 179 013c FFF7FEFF 		bl	SYSCFG_EXTILineConfig
  87:../src/inputs.c **** 
  88:../src/inputs.c ****     EXTI_InitStructure.EXTI_Line = EXTI_Line7;
 180              		.loc 1 88 0
 181 0140 4FF08003 		mov	r3, #128
 182 0144 BB60     		str	r3, [r7, #8]
  89:../src/inputs.c ****     EXTI_InitStructure.EXTI_LineCmd = ENABLE;
 183              		.loc 1 89 0
 184 0146 4FF00103 		mov	r3, #1
 185 014a BB73     		strb	r3, [r7, #14]
  90:../src/inputs.c ****     EXTI_InitStructure.EXTI_Mode = EXTI_Mode_Interrupt;
 186              		.loc 1 90 0
 187 014c 4FF00003 		mov	r3, #0
 188 0150 3B73     		strb	r3, [r7, #12]
  91:../src/inputs.c ****     EXTI_InitStructure.EXTI_Trigger = EXTI_Trigger_Falling;;
 189              		.loc 1 91 0
 190 0152 4FF00C03 		mov	r3, #12
 191 0156 7B73     		strb	r3, [r7, #13]
  92:../src/inputs.c ****     EXTI_Init(&EXTI_InitStructure);
 192              		.loc 1 92 0
 193 0158 07F10803 		add	r3, r7, #8
 194 015c 1846     		mov	r0, r3
 195 015e FFF7FEFF 		bl	EXTI_Init
  93:../src/inputs.c **** 
  94:../src/inputs.c ****     //Input 3 konfigurálása
  95:../src/inputs.c **** 
  96:../src/inputs.c ****     SYSCFG_EXTILineConfig(EXTI_PortSourceGPIOD, EXTI_PinSource3);
 196              		.loc 1 96 0
 197 0162 4FF00300 		mov	r0, #3
 198 0166 4FF00301 		mov	r1, #3
 199 016a FFF7FEFF 		bl	SYSCFG_EXTILineConfig
  97:../src/inputs.c **** 
  98:../src/inputs.c ****     EXTI_InitStructure.EXTI_Line = EXTI_Line3;
 200              		.loc 1 98 0
 201 016e 4FF00803 		mov	r3, #8
 202 0172 BB60     		str	r3, [r7, #8]
  99:../src/inputs.c ****     EXTI_InitStructure.EXTI_LineCmd = ENABLE;
 203              		.loc 1 99 0
 204 0174 4FF00103 		mov	r3, #1
 205 0178 BB73     		strb	r3, [r7, #14]
 100:../src/inputs.c ****     EXTI_InitStructure.EXTI_Mode = EXTI_Mode_Interrupt;
 206              		.loc 1 100 0
 207 017a 4FF00003 		mov	r3, #0
 208 017e 3B73     		strb	r3, [r7, #12]
 101:../src/inputs.c ****     EXTI_InitStructure.EXTI_Trigger = EXTI_Trigger_Falling;
 209              		.loc 1 101 0
 210 0180 4FF00C03 		mov	r3, #12
 211 0184 7B73     		strb	r3, [r7, #13]
 102:../src/inputs.c ****     EXTI_Init(&EXTI_InitStructure);
 212              		.loc 1 102 0
 213 0186 07F10803 		add	r3, r7, #8
 214 018a 1846     		mov	r0, r3
 215 018c FFF7FEFF 		bl	EXTI_Init
 103:../src/inputs.c **** 
 104:../src/inputs.c ****     //Input 4 konfigurálása
 105:../src/inputs.c **** 
 106:../src/inputs.c ****     SYSCFG_EXTILineConfig(EXTI_PortSourceGPIOD, EXTI_PinSource2);
 216              		.loc 1 106 0
 217 0190 4FF00300 		mov	r0, #3
 218 0194 4FF00201 		mov	r1, #2
 219 0198 FFF7FEFF 		bl	SYSCFG_EXTILineConfig
 107:../src/inputs.c **** 
 108:../src/inputs.c ****     EXTI_InitStructure.EXTI_Line = EXTI_Line2;
 220              		.loc 1 108 0
 221 019c 4FF00403 		mov	r3, #4
 222 01a0 BB60     		str	r3, [r7, #8]
 109:../src/inputs.c ****     EXTI_InitStructure.EXTI_LineCmd = ENABLE;
 223              		.loc 1 109 0
 224 01a2 4FF00103 		mov	r3, #1
 225 01a6 BB73     		strb	r3, [r7, #14]
 110:../src/inputs.c ****     EXTI_InitStructure.EXTI_Mode = EXTI_Mode_Interrupt;
 226              		.loc 1 110 0
 227 01a8 4FF00003 		mov	r3, #0
 228 01ac 3B73     		strb	r3, [r7, #12]
 111:../src/inputs.c ****     EXTI_InitStructure.EXTI_Trigger = EXTI_Trigger_Falling;
 229              		.loc 1 111 0
 230 01ae 4FF00C03 		mov	r3, #12
 231 01b2 7B73     		strb	r3, [r7, #13]
 112:../src/inputs.c ****     EXTI_Init(&EXTI_InitStructure);
 232              		.loc 1 112 0
 233 01b4 07F10803 		add	r3, r7, #8
 234 01b8 1846     		mov	r0, r3
 235 01ba FFF7FEFF 		bl	EXTI_Init
 113:../src/inputs.c **** 
 114:../src/inputs.c ****     //Input 5 konfigurálása
 115:../src/inputs.c **** 
 116:../src/inputs.c ****     SYSCFG_EXTILineConfig(EXTI_PortSourceGPIOD, EXTI_PinSource1);
 236              		.loc 1 116 0
 237 01be 4FF00300 		mov	r0, #3
 238 01c2 4FF00101 		mov	r1, #1
 239 01c6 FFF7FEFF 		bl	SYSCFG_EXTILineConfig
 117:../src/inputs.c **** 
 118:../src/inputs.c ****     EXTI_InitStructure.EXTI_Line = EXTI_Line1;
 240              		.loc 1 118 0
 241 01ca 4FF00203 		mov	r3, #2
 242 01ce BB60     		str	r3, [r7, #8]
 119:../src/inputs.c ****     EXTI_InitStructure.EXTI_LineCmd = ENABLE;
 243              		.loc 1 119 0
 244 01d0 4FF00103 		mov	r3, #1
 245 01d4 BB73     		strb	r3, [r7, #14]
 120:../src/inputs.c ****     EXTI_InitStructure.EXTI_Mode = EXTI_Mode_Interrupt;
 246              		.loc 1 120 0
 247 01d6 4FF00003 		mov	r3, #0
 248 01da 3B73     		strb	r3, [r7, #12]
 121:../src/inputs.c ****     EXTI_InitStructure.EXTI_Trigger = EXTI_Trigger_Falling;;
 249              		.loc 1 121 0
 250 01dc 4FF00C03 		mov	r3, #12
 251 01e0 7B73     		strb	r3, [r7, #13]
 122:../src/inputs.c ****     EXTI_Init(&EXTI_InitStructure);
 252              		.loc 1 122 0
 253 01e2 07F10803 		add	r3, r7, #8
 254 01e6 1846     		mov	r0, r3
 255 01e8 FFF7FEFF 		bl	EXTI_Init
 123:../src/inputs.c **** 
 124:../src/inputs.c ****     //Input 6 konfigurálása
 125:../src/inputs.c **** 
 126:../src/inputs.c ****     SYSCFG_EXTILineConfig(EXTI_PortSourceGPIOD, EXTI_PinSource0);
 256              		.loc 1 126 0
 257 01ec 4FF00300 		mov	r0, #3
 258 01f0 4FF00001 		mov	r1, #0
 259 01f4 FFF7FEFF 		bl	SYSCFG_EXTILineConfig
 127:../src/inputs.c **** 
 128:../src/inputs.c ****     EXTI_InitStructure.EXTI_Line = EXTI_Line0;
 260              		.loc 1 128 0
 261 01f8 4FF00103 		mov	r3, #1
 262 01fc BB60     		str	r3, [r7, #8]
 129:../src/inputs.c ****     EXTI_InitStructure.EXTI_LineCmd = ENABLE;
 263              		.loc 1 129 0
 264 01fe 4FF00103 		mov	r3, #1
 265 0202 BB73     		strb	r3, [r7, #14]
 130:../src/inputs.c ****     EXTI_InitStructure.EXTI_Mode = EXTI_Mode_Interrupt;
 266              		.loc 1 130 0
 267 0204 4FF00003 		mov	r3, #0
 268 0208 3B73     		strb	r3, [r7, #12]
 131:../src/inputs.c ****     EXTI_InitStructure.EXTI_Trigger = EXTI_Trigger_Falling;;
 269              		.loc 1 131 0
 270 020a 4FF00C03 		mov	r3, #12
 271 020e 7B73     		strb	r3, [r7, #13]
 132:../src/inputs.c ****     EXTI_Init(&EXTI_InitStructure);
 272              		.loc 1 132 0
 273 0210 07F10803 		add	r3, r7, #8
 274 0214 1846     		mov	r0, r3
 275 0216 FFF7FEFF 		bl	EXTI_Init
 133:../src/inputs.c **** }
 276              		.loc 1 133 0
 277 021a 07F11807 		add	r7, r7, #24
 278 021e BD46     		mov	sp, r7
 279 0220 80BD     		pop	{r7, pc}
 280              	.L3:
 281 0222 00BF     		.align	2
 282              	.L2:
 283 0224 000C0240 		.word	1073875968
 284              		.cfi_endproc
 285              	.LFE110:
 287              	.Letext0:
 288              		.file 2 "c:\\program files (x86)\\codesourcery\\sourcery_codebench_lite_for_arm_eabi\\bin\\../lib/
 289              		.file 3 "C:\\Users\\Gergo\\workspace\\estevan\\Libraries\\Device\\STM32F4xx\\Include/stm32f4xx.h"
 290              		.file 4 "C:\\Users\\Gergo\\workspace\\estevan\\Libraries\\STM32F4xx_StdPeriph_Driver\\inc/stm32f4x
 291              		.file 5 "C:\\Users\\Gergo\\workspace\\estevan\\Libraries\\STM32F4xx_StdPeriph_Driver\\inc/stm32f4x
 292              		.file 6 "C:\\Users\\Gergo\\workspace\\estevan\\Libraries\\STM32F4xx_StdPeriph_Driver\\inc/misc.h"
 293              		.file 7 "C:\\Users\\Gergo\\workspace\\estevan\\Libraries\\CMSIS\\Include/core_cm4.h"
DEFINED SYMBOLS
                            *ABS*:00000000 inputs.c
C:\Users\Gergo\AppData\Local\Temp\ccYMTUOc.s:18     .text:00000000 $t
C:\Users\Gergo\AppData\Local\Temp\ccYMTUOc.s:23     .text:00000000 Inputs_Init
C:\Users\Gergo\AppData\Local\Temp\ccYMTUOc.s:283    .text:00000224 $d
                     .debug_frame:00000010 $d
                           .group:00000000 wm4.1.fa6ddc8087252f7ec15b7f8b8133d3d8
                           .group:00000000 wm4.stm32f4xx.h.48.0b3cda0630bac1bf9be1255cab0e1f3b
                           .group:00000000 wm4.core_cm4.h.32.f824aba4d431a5bb4a51726bd5b62834
                           .group:00000000 wm4.stdint.h.10.90b695f550ca6cc3fb08fa83baf01e05
                           .group:00000000 wm4.core_cmInstr.h.25.f50f886f2edf670cf199b35fd96f5c91
                           .group:00000000 wm4.core_cm4_simd.h.29.b4a3fdfb606cb3b26119424324d4b963
                           .group:00000000 wm4.core_cm4.h.153.5393ef7e6cebf34dd51ca528f9218ab3
                           .group:00000000 wm4.stm32f4xx.h.283.d309488c8c88fbc6a572fb5ddb72ae02
                           .group:00000000 wm4.stm32f4xx_exti.h.54.435fdeac3da378720d6c1615172f0bf3
                           .group:00000000 wm4.stm32f4xx_gpio.h.25.5bd1d790d742a307b55aea5fa8fcdae8
                           .group:00000000 wm4.stm32f4xx_rcc.h.24.a10ec6e94989efb0f8f7f56448e9bb60
                           .group:00000000 wm4.stm32f4xx_syscfg.h.25.9d5caab5677661b69e959531364e23d7
                           .group:00000000 wm4.stm32f4xx_tim.h.25.948f7fc943f34bd206e29758e77ee0a2
                           .group:00000000 wm4.misc.h.25.a0cb758c1f091b46f201b19cec9e63a1
                           .group:00000000 wm4.stm32f4xx.h.6967.11efd59d6a7da8b33ccb47eb4d57a5b3
                           .group:00000000 wm4.inputs.h.13.84ee3d4262b2f3744ed371db0ad18ec8

UNDEFINED SYMBOLS
RCC_AHB1PeriphClockCmd
RCC_APB2PeriphClockCmd
GPIO_Init
NVIC_PriorityGroupConfig
NVIC_Init
SYSCFG_EXTILineConfig
EXTI_Init
