   1              		.syntax unified
   2              		.cpu cortex-m4
   3              		.fpu softvfp
   4              		.eabi_attribute 20, 1
   5              		.eabi_attribute 21, 1
   6              		.eabi_attribute 23, 3
   7              		.eabi_attribute 24, 1
   8              		.eabi_attribute 25, 1
   9              		.eabi_attribute 26, 1
  10              		.eabi_attribute 30, 6
  11              		.eabi_attribute 34, 1
  12              		.eabi_attribute 18, 4
  13              		.thumb
  14              		.file	"stm32f4_discovery.c"
  15              		.text
  16              	.Ltext0:
  17              		.cfi_sections	.debug_frame
  18              		.global	GPIO_PORT
  19              		.data
  20              		.align	2
  23              	GPIO_PORT:
  24 0000 000C0240 		.word	1073875968
  25 0004 000C0240 		.word	1073875968
  26 0008 000C0240 		.word	1073875968
  27 000c 000C0240 		.word	1073875968
  28              		.global	GPIO_PIN
  29              		.section	.rodata
  30              		.align	2
  33              	GPIO_PIN:
  34 0000 0010     		.short	4096
  35 0002 0020     		.short	8192
  36 0004 0040     		.short	16384
  37 0006 0080     		.short	-32768
  38              		.global	GPIO_CLK
  39              		.align	2
  42              	GPIO_CLK:
  43 0008 08000000 		.word	8
  44 000c 08000000 		.word	8
  45 0010 08000000 		.word	8
  46 0014 08000000 		.word	8
  47              		.global	BUTTON_PORT
  48              		.data
  49              		.align	2
  52              	BUTTON_PORT:
  53 0010 00000240 		.word	1073872896
  54              		.global	BUTTON_PIN
  55              		.section	.rodata
  56              		.align	2
  59              	BUTTON_PIN:
  60 0018 0100     		.short	1
  61              		.global	BUTTON_CLK
  62 001a 0000     		.align	2
  65              	BUTTON_CLK:
  66 001c 01000000 		.word	1
  67              		.global	BUTTON_EXTI_LINE
  68              		.align	2
  71              	BUTTON_EXTI_LINE:
  72 0020 0100     		.short	1
  73              		.global	BUTTON_PORT_SOURCE
  74 0022 0000     		.align	2
  77              	BUTTON_PORT_SOURCE:
  78 0024 00       		.space	1
  79              		.global	BUTTON_PIN_SOURCE
  80 0025 000000   		.align	2
  83              	BUTTON_PIN_SOURCE:
  84 0028 00       		.space	1
  85              		.global	BUTTON_IRQn
  86 0029 000000   		.align	2
  89              	BUTTON_IRQn:
  90 002c 06       		.byte	6
  91              		.comm	NVIC_InitStructure,4,4
  92 002d 000000   		.text
  93              		.align	2
  94              		.global	STM_EVAL_LEDInit
  95              		.thumb
  96              		.thumb_func
  98              	STM_EVAL_LEDInit:
  99              	.LFB110:
 100              		.file 1 "../src/stm32f4_discovery.c"
   1:../src/stm32f4_discovery.c **** /*
   2:../src/stm32f4_discovery.c ****  * stm32f4_discovery.c
   3:../src/stm32f4_discovery.c ****  *
   4:../src/stm32f4_discovery.c ****  *  Created on: 2013.07.01.
   5:../src/stm32f4_discovery.c ****  *      Author: Gergo
   6:../src/stm32f4_discovery.c ****  */
   7:../src/stm32f4_discovery.c **** 
   8:../src/stm32f4_discovery.c **** 
   9:../src/stm32f4_discovery.c **** /* Includes ------------------------------------------------------------------*/
  10:../src/stm32f4_discovery.c **** #include "stm32f4_discovery.h"
  11:../src/stm32f4_discovery.c **** 
  12:../src/stm32f4_discovery.c **** /** @addtogroup Utilities
  13:../src/stm32f4_discovery.c ****   * @{
  14:../src/stm32f4_discovery.c ****   */
  15:../src/stm32f4_discovery.c **** 
  16:../src/stm32f4_discovery.c **** /** @addtogroup STM32F4_DISCOVERY
  17:../src/stm32f4_discovery.c ****   * @{
  18:../src/stm32f4_discovery.c ****   */
  19:../src/stm32f4_discovery.c **** 
  20:../src/stm32f4_discovery.c **** /** @defgroup STM32F4_DISCOVERY_LOW_LEVEL
  21:../src/stm32f4_discovery.c ****   * @brief This file provides set of firmware functions to manage Leds and push-button
  22:../src/stm32f4_discovery.c ****   *        available on STM32F4-Discovery Kit from STMicroelectronics.
  23:../src/stm32f4_discovery.c ****   * @{
  24:../src/stm32f4_discovery.c ****   */
  25:../src/stm32f4_discovery.c **** 
  26:../src/stm32f4_discovery.c **** /** @defgroup STM32F4_DISCOVERY_LOW_LEVEL_Private_TypesDefinitions
  27:../src/stm32f4_discovery.c ****   * @{
  28:../src/stm32f4_discovery.c ****   */
  29:../src/stm32f4_discovery.c **** /**
  30:../src/stm32f4_discovery.c ****   * @}
  31:../src/stm32f4_discovery.c ****   */
  32:../src/stm32f4_discovery.c **** 
  33:../src/stm32f4_discovery.c **** 
  34:../src/stm32f4_discovery.c **** /** @defgroup STM32F4_DISCOVERY_LOW_LEVEL_Private_Defines
  35:../src/stm32f4_discovery.c ****   * @{
  36:../src/stm32f4_discovery.c ****   */
  37:../src/stm32f4_discovery.c **** /**
  38:../src/stm32f4_discovery.c ****   * @}
  39:../src/stm32f4_discovery.c ****   */
  40:../src/stm32f4_discovery.c **** 
  41:../src/stm32f4_discovery.c **** 
  42:../src/stm32f4_discovery.c **** /** @defgroup STM32F4_DISCOVERY_LOW_LEVEL_Private_Macros
  43:../src/stm32f4_discovery.c ****   * @{
  44:../src/stm32f4_discovery.c ****   */
  45:../src/stm32f4_discovery.c **** /**
  46:../src/stm32f4_discovery.c ****   * @}
  47:../src/stm32f4_discovery.c ****   */
  48:../src/stm32f4_discovery.c **** 
  49:../src/stm32f4_discovery.c **** 
  50:../src/stm32f4_discovery.c **** /** @defgroup STM32F4_DISCOVERY_LOW_LEVEL_Private_Variables
  51:../src/stm32f4_discovery.c ****   * @{
  52:../src/stm32f4_discovery.c ****   */
  53:../src/stm32f4_discovery.c **** GPIO_TypeDef* GPIO_PORT[LEDn] = {LED4_GPIO_PORT, LED3_GPIO_PORT, LED5_GPIO_PORT,
  54:../src/stm32f4_discovery.c ****                                  LED6_GPIO_PORT};
  55:../src/stm32f4_discovery.c **** const uint16_t GPIO_PIN[LEDn] = {LED4_PIN, LED3_PIN, LED5_PIN,
  56:../src/stm32f4_discovery.c ****                                  LED6_PIN};
  57:../src/stm32f4_discovery.c **** const uint32_t GPIO_CLK[LEDn] = {LED4_GPIO_CLK, LED3_GPIO_CLK, LED5_GPIO_CLK,
  58:../src/stm32f4_discovery.c ****                                  LED6_GPIO_CLK};
  59:../src/stm32f4_discovery.c **** 
  60:../src/stm32f4_discovery.c **** GPIO_TypeDef* BUTTON_PORT[BUTTONn] = {USER_BUTTON_GPIO_PORT };
  61:../src/stm32f4_discovery.c **** 
  62:../src/stm32f4_discovery.c **** const uint16_t BUTTON_PIN[BUTTONn] = {USER_BUTTON_PIN };
  63:../src/stm32f4_discovery.c **** 
  64:../src/stm32f4_discovery.c **** const uint32_t BUTTON_CLK[BUTTONn] = {USER_BUTTON_GPIO_CLK };
  65:../src/stm32f4_discovery.c **** 
  66:../src/stm32f4_discovery.c **** const uint16_t BUTTON_EXTI_LINE[BUTTONn] = {USER_BUTTON_EXTI_LINE };
  67:../src/stm32f4_discovery.c **** 
  68:../src/stm32f4_discovery.c **** const uint8_t BUTTON_PORT_SOURCE[BUTTONn] = {USER_BUTTON_EXTI_PORT_SOURCE};
  69:../src/stm32f4_discovery.c **** 
  70:../src/stm32f4_discovery.c **** const uint8_t BUTTON_PIN_SOURCE[BUTTONn] = {USER_BUTTON_EXTI_PIN_SOURCE };
  71:../src/stm32f4_discovery.c **** const uint8_t BUTTON_IRQn[BUTTONn] = {USER_BUTTON_EXTI_IRQn };
  72:../src/stm32f4_discovery.c **** 
  73:../src/stm32f4_discovery.c **** NVIC_InitTypeDef   NVIC_InitStructure;
  74:../src/stm32f4_discovery.c **** 
  75:../src/stm32f4_discovery.c **** /**
  76:../src/stm32f4_discovery.c ****   * @}
  77:../src/stm32f4_discovery.c ****   */
  78:../src/stm32f4_discovery.c **** 
  79:../src/stm32f4_discovery.c **** 
  80:../src/stm32f4_discovery.c **** /** @defgroup STM32F4_DISCOVERY_LOW_LEVEL_Private_FunctionPrototypes
  81:../src/stm32f4_discovery.c ****   * @{
  82:../src/stm32f4_discovery.c ****   */
  83:../src/stm32f4_discovery.c **** 
  84:../src/stm32f4_discovery.c **** /**
  85:../src/stm32f4_discovery.c ****   * @}
  86:../src/stm32f4_discovery.c ****   */
  87:../src/stm32f4_discovery.c **** 
  88:../src/stm32f4_discovery.c **** /** @defgroup STM32F4_DISCOVERY_LOW_LEVEL_Private_Functions
  89:../src/stm32f4_discovery.c ****   * @{
  90:../src/stm32f4_discovery.c ****   */
  91:../src/stm32f4_discovery.c **** 
  92:../src/stm32f4_discovery.c **** /**
  93:../src/stm32f4_discovery.c ****   * @brief  Configures LED GPIO.
  94:../src/stm32f4_discovery.c ****   * @param  Led: Specifies the Led to be configured.
  95:../src/stm32f4_discovery.c ****   *   This parameter can be one of following parameters:
  96:../src/stm32f4_discovery.c ****   *     @arg LED4
  97:../src/stm32f4_discovery.c ****   *     @arg LED3
  98:../src/stm32f4_discovery.c ****   *     @arg LED5
  99:../src/stm32f4_discovery.c ****   *     @arg LED6
 100:../src/stm32f4_discovery.c ****   * @retval None
 101:../src/stm32f4_discovery.c ****   */
 102:../src/stm32f4_discovery.c **** void STM_EVAL_LEDInit(Led_TypeDef Led)
 103:../src/stm32f4_discovery.c **** {
 101              		.loc 1 103 0
 102              		.cfi_startproc
 103              		@ args = 0, pretend = 0, frame = 16
 104              		@ frame_needed = 1, uses_anonymous_args = 0
 105 0000 80B5     		push	{r7, lr}
 106              	.LCFI0:
 107              		.cfi_def_cfa_offset 8
 108              		.cfi_offset 7, -8
 109              		.cfi_offset 14, -4
 110 0002 84B0     		sub	sp, sp, #16
 111              	.LCFI1:
 112              		.cfi_def_cfa_offset 24
 113 0004 00AF     		add	r7, sp, #0
 114              	.LCFI2:
 115              		.cfi_def_cfa_register 7
 116 0006 0346     		mov	r3, r0
 117 0008 FB71     		strb	r3, [r7, #7]
 104:../src/stm32f4_discovery.c ****   GPIO_InitTypeDef  GPIO_InitStructure;
 105:../src/stm32f4_discovery.c **** 
 106:../src/stm32f4_discovery.c ****   /* Enable the GPIO_LED Clock */
 107:../src/stm32f4_discovery.c ****   RCC_AHB1PeriphClockCmd(GPIO_CLK[Led], ENABLE);
 118              		.loc 1 107 0
 119 000a FA79     		ldrb	r2, [r7, #7]	@ zero_extendqisi2
 120 000c 134B     		ldr	r3, .L2
 121 000e 53F82230 		ldr	r3, [r3, r2, lsl #2]
 122 0012 1846     		mov	r0, r3
 123 0014 4FF00101 		mov	r1, #1
 124 0018 FFF7FEFF 		bl	RCC_AHB1PeriphClockCmd
 108:../src/stm32f4_discovery.c **** 
 109:../src/stm32f4_discovery.c ****   /* Configure the GPIO_LED pin */
 110:../src/stm32f4_discovery.c ****   GPIO_InitStructure.GPIO_Pin = GPIO_PIN[Led];
 125              		.loc 1 110 0
 126 001c FA79     		ldrb	r2, [r7, #7]	@ zero_extendqisi2
 127 001e 104B     		ldr	r3, .L2+4
 128 0020 33F81230 		ldrh	r3, [r3, r2, lsl #1]
 129 0024 BB60     		str	r3, [r7, #8]
 111:../src/stm32f4_discovery.c ****   GPIO_InitStructure.GPIO_Mode = GPIO_Mode_OUT;
 130              		.loc 1 111 0
 131 0026 4FF00103 		mov	r3, #1
 132 002a 3B73     		strb	r3, [r7, #12]
 112:../src/stm32f4_discovery.c ****   GPIO_InitStructure.GPIO_OType = GPIO_OType_PP;
 133              		.loc 1 112 0
 134 002c 4FF00003 		mov	r3, #0
 135 0030 BB73     		strb	r3, [r7, #14]
 113:../src/stm32f4_discovery.c ****   GPIO_InitStructure.GPIO_PuPd = GPIO_PuPd_UP;
 136              		.loc 1 113 0
 137 0032 4FF00103 		mov	r3, #1
 138 0036 FB73     		strb	r3, [r7, #15]
 114:../src/stm32f4_discovery.c ****   GPIO_InitStructure.GPIO_Speed = GPIO_Speed_50MHz;
 139              		.loc 1 114 0
 140 0038 4FF00203 		mov	r3, #2
 141 003c 7B73     		strb	r3, [r7, #13]
 115:../src/stm32f4_discovery.c ****   GPIO_Init(GPIO_PORT[Led], &GPIO_InitStructure);
 142              		.loc 1 115 0
 143 003e FA79     		ldrb	r2, [r7, #7]	@ zero_extendqisi2
 144 0040 084B     		ldr	r3, .L2+8
 145 0042 53F82220 		ldr	r2, [r3, r2, lsl #2]
 146 0046 07F10803 		add	r3, r7, #8
 147 004a 1046     		mov	r0, r2
 148 004c 1946     		mov	r1, r3
 149 004e FFF7FEFF 		bl	GPIO_Init
 116:../src/stm32f4_discovery.c **** }
 150              		.loc 1 116 0
 151 0052 07F11007 		add	r7, r7, #16
 152 0056 BD46     		mov	sp, r7
 153 0058 80BD     		pop	{r7, pc}
 154              	.L3:
 155 005a 00BF     		.align	2
 156              	.L2:
 157 005c 00000000 		.word	GPIO_CLK
 158 0060 00000000 		.word	GPIO_PIN
 159 0064 00000000 		.word	GPIO_PORT
 160              		.cfi_endproc
 161              	.LFE110:
 163              		.align	2
 164              		.global	STM_EVAL_LEDOn
 165              		.thumb
 166              		.thumb_func
 168              	STM_EVAL_LEDOn:
 169              	.LFB111:
 117:../src/stm32f4_discovery.c **** 
 118:../src/stm32f4_discovery.c **** /**
 119:../src/stm32f4_discovery.c ****   * @brief  Turns selected LED On.
 120:../src/stm32f4_discovery.c ****   * @param  Led: Specifies the Led to be set on.
 121:../src/stm32f4_discovery.c ****   *   This parameter can be one of following parameters:
 122:../src/stm32f4_discovery.c ****   *     @arg LED4
 123:../src/stm32f4_discovery.c ****   *     @arg LED3
 124:../src/stm32f4_discovery.c ****   *     @arg LED5
 125:../src/stm32f4_discovery.c ****   *     @arg LED6
 126:../src/stm32f4_discovery.c ****   * @retval None
 127:../src/stm32f4_discovery.c ****   */
 128:../src/stm32f4_discovery.c **** void STM_EVAL_LEDOn(Led_TypeDef Led)
 129:../src/stm32f4_discovery.c **** {
 170              		.loc 1 129 0
 171              		.cfi_startproc
 172              		@ args = 0, pretend = 0, frame = 8
 173              		@ frame_needed = 1, uses_anonymous_args = 0
 174              		@ link register save eliminated.
 175 0068 80B4     		push	{r7}
 176              	.LCFI3:
 177              		.cfi_def_cfa_offset 4
 178              		.cfi_offset 7, -4
 179 006a 83B0     		sub	sp, sp, #12
 180              	.LCFI4:
 181              		.cfi_def_cfa_offset 16
 182 006c 00AF     		add	r7, sp, #0
 183              	.LCFI5:
 184              		.cfi_def_cfa_register 7
 185 006e 0346     		mov	r3, r0
 186 0070 FB71     		strb	r3, [r7, #7]
 130:../src/stm32f4_discovery.c ****   GPIO_PORT[Led]->BSRRL = GPIO_PIN[Led];
 187              		.loc 1 130 0
 188 0072 FA79     		ldrb	r2, [r7, #7]	@ zero_extendqisi2
 189 0074 064B     		ldr	r3, .L5
 190 0076 53F82230 		ldr	r3, [r3, r2, lsl #2]
 191 007a F979     		ldrb	r1, [r7, #7]	@ zero_extendqisi2
 192 007c 054A     		ldr	r2, .L5+4
 193 007e 32F81120 		ldrh	r2, [r2, r1, lsl #1]
 194 0082 1A83     		strh	r2, [r3, #24]	@ movhi
 131:../src/stm32f4_discovery.c **** }
 195              		.loc 1 131 0
 196 0084 07F10C07 		add	r7, r7, #12
 197 0088 BD46     		mov	sp, r7
 198 008a 80BC     		pop	{r7}
 199 008c 7047     		bx	lr
 200              	.L6:
 201 008e 00BF     		.align	2
 202              	.L5:
 203 0090 00000000 		.word	GPIO_PORT
 204 0094 00000000 		.word	GPIO_PIN
 205              		.cfi_endproc
 206              	.LFE111:
 208              		.align	2
 209              		.global	STM_EVAL_LEDOff
 210              		.thumb
 211              		.thumb_func
 213              	STM_EVAL_LEDOff:
 214              	.LFB112:
 132:../src/stm32f4_discovery.c **** 
 133:../src/stm32f4_discovery.c **** /**
 134:../src/stm32f4_discovery.c ****   * @brief  Turns selected LED Off.
 135:../src/stm32f4_discovery.c ****   * @param  Led: Specifies the Led to be set off.
 136:../src/stm32f4_discovery.c ****   *   This parameter can be one of following parameters:
 137:../src/stm32f4_discovery.c ****   *     @arg LED4
 138:../src/stm32f4_discovery.c ****   *     @arg LED3
 139:../src/stm32f4_discovery.c ****   *     @arg LED5
 140:../src/stm32f4_discovery.c ****   *     @arg LED6
 141:../src/stm32f4_discovery.c ****   * @retval None
 142:../src/stm32f4_discovery.c ****   */
 143:../src/stm32f4_discovery.c **** void STM_EVAL_LEDOff(Led_TypeDef Led)
 144:../src/stm32f4_discovery.c **** {
 215              		.loc 1 144 0
 216              		.cfi_startproc
 217              		@ args = 0, pretend = 0, frame = 8
 218              		@ frame_needed = 1, uses_anonymous_args = 0
 219              		@ link register save eliminated.
 220 0098 80B4     		push	{r7}
 221              	.LCFI6:
 222              		.cfi_def_cfa_offset 4
 223              		.cfi_offset 7, -4
 224 009a 83B0     		sub	sp, sp, #12
 225              	.LCFI7:
 226              		.cfi_def_cfa_offset 16
 227 009c 00AF     		add	r7, sp, #0
 228              	.LCFI8:
 229              		.cfi_def_cfa_register 7
 230 009e 0346     		mov	r3, r0
 231 00a0 FB71     		strb	r3, [r7, #7]
 145:../src/stm32f4_discovery.c ****   GPIO_PORT[Led]->BSRRH = GPIO_PIN[Led];
 232              		.loc 1 145 0
 233 00a2 FA79     		ldrb	r2, [r7, #7]	@ zero_extendqisi2
 234 00a4 064B     		ldr	r3, .L8
 235 00a6 53F82230 		ldr	r3, [r3, r2, lsl #2]
 236 00aa F979     		ldrb	r1, [r7, #7]	@ zero_extendqisi2
 237 00ac 054A     		ldr	r2, .L8+4
 238 00ae 32F81120 		ldrh	r2, [r2, r1, lsl #1]
 239 00b2 5A83     		strh	r2, [r3, #26]	@ movhi
 146:../src/stm32f4_discovery.c **** }
 240              		.loc 1 146 0
 241 00b4 07F10C07 		add	r7, r7, #12
 242 00b8 BD46     		mov	sp, r7
 243 00ba 80BC     		pop	{r7}
 244 00bc 7047     		bx	lr
 245              	.L9:
 246 00be 00BF     		.align	2
 247              	.L8:
 248 00c0 00000000 		.word	GPIO_PORT
 249 00c4 00000000 		.word	GPIO_PIN
 250              		.cfi_endproc
 251              	.LFE112:
 253              		.align	2
 254              		.global	STM_EVAL_LEDToggle
 255              		.thumb
 256              		.thumb_func
 258              	STM_EVAL_LEDToggle:
 259              	.LFB113:
 147:../src/stm32f4_discovery.c **** 
 148:../src/stm32f4_discovery.c **** /**
 149:../src/stm32f4_discovery.c ****   * @brief  Toggles the selected LED.
 150:../src/stm32f4_discovery.c ****   * @param  Led: Specifies the Led to be toggled.
 151:../src/stm32f4_discovery.c ****   *   This parameter can be one of following parameters:
 152:../src/stm32f4_discovery.c ****   *     @arg LED4
 153:../src/stm32f4_discovery.c ****   *     @arg LED3
 154:../src/stm32f4_discovery.c ****   *     @arg LED5
 155:../src/stm32f4_discovery.c ****   *     @arg LED6
 156:../src/stm32f4_discovery.c ****   * @retval None
 157:../src/stm32f4_discovery.c ****   */
 158:../src/stm32f4_discovery.c **** void STM_EVAL_LEDToggle(Led_TypeDef Led)
 159:../src/stm32f4_discovery.c **** {
 260              		.loc 1 159 0
 261              		.cfi_startproc
 262              		@ args = 0, pretend = 0, frame = 8
 263              		@ frame_needed = 1, uses_anonymous_args = 0
 264              		@ link register save eliminated.
 265 00c8 80B4     		push	{r7}
 266              	.LCFI9:
 267              		.cfi_def_cfa_offset 4
 268              		.cfi_offset 7, -4
 269 00ca 83B0     		sub	sp, sp, #12
 270              	.LCFI10:
 271              		.cfi_def_cfa_offset 16
 272 00cc 00AF     		add	r7, sp, #0
 273              	.LCFI11:
 274              		.cfi_def_cfa_register 7
 275 00ce 0346     		mov	r3, r0
 276 00d0 FB71     		strb	r3, [r7, #7]
 160:../src/stm32f4_discovery.c ****   GPIO_PORT[Led]->ODR ^= GPIO_PIN[Led];
 277              		.loc 1 160 0
 278 00d2 FA79     		ldrb	r2, [r7, #7]	@ zero_extendqisi2
 279 00d4 094B     		ldr	r3, .L11
 280 00d6 53F82230 		ldr	r3, [r3, r2, lsl #2]
 281 00da F979     		ldrb	r1, [r7, #7]	@ zero_extendqisi2
 282 00dc 074A     		ldr	r2, .L11
 283 00de 52F82120 		ldr	r2, [r2, r1, lsl #2]
 284 00e2 5169     		ldr	r1, [r2, #20]
 285 00e4 F879     		ldrb	r0, [r7, #7]	@ zero_extendqisi2
 286 00e6 064A     		ldr	r2, .L11+4
 287 00e8 32F81020 		ldrh	r2, [r2, r0, lsl #1]
 288 00ec 4A40     		eors	r2, r2, r1
 289 00ee 5A61     		str	r2, [r3, #20]
 161:../src/stm32f4_discovery.c **** }
 290              		.loc 1 161 0
 291 00f0 07F10C07 		add	r7, r7, #12
 292 00f4 BD46     		mov	sp, r7
 293 00f6 80BC     		pop	{r7}
 294 00f8 7047     		bx	lr
 295              	.L12:
 296 00fa 00BF     		.align	2
 297              	.L11:
 298 00fc 00000000 		.word	GPIO_PORT
 299 0100 00000000 		.word	GPIO_PIN
 300              		.cfi_endproc
 301              	.LFE113:
 303              		.align	2
 304              		.global	STM_EVAL_PBInit
 305              		.thumb
 306              		.thumb_func
 308              	STM_EVAL_PBInit:
 309              	.LFB114:
 162:../src/stm32f4_discovery.c **** 
 163:../src/stm32f4_discovery.c **** /**
 164:../src/stm32f4_discovery.c ****   * @brief  Configures Button GPIO and EXTI Line.
 165:../src/stm32f4_discovery.c ****   * @param  Button: Specifies the Button to be configured.
 166:../src/stm32f4_discovery.c ****   *   This parameter should be: BUTTON_USER
 167:../src/stm32f4_discovery.c ****   * @param  Button_Mode: Specifies Button mode.
 168:../src/stm32f4_discovery.c ****   *   This parameter can be one of following parameters:
 169:../src/stm32f4_discovery.c ****   *     @arg BUTTON_MODE_GPIO: Button will be used as simple IO
 170:../src/stm32f4_discovery.c ****   *     @arg BUTTON_MODE_EXTI: Button will be connected to EXTI line with interrupt
 171:../src/stm32f4_discovery.c ****   *                            generation capability
 172:../src/stm32f4_discovery.c ****   * @retval None
 173:../src/stm32f4_discovery.c ****   */
 174:../src/stm32f4_discovery.c **** void STM_EVAL_PBInit(Button_TypeDef Button, ButtonMode_TypeDef Button_Mode)
 175:../src/stm32f4_discovery.c **** {
 310              		.loc 1 175 0
 311              		.cfi_startproc
 312              		@ args = 0, pretend = 0, frame = 32
 313              		@ frame_needed = 1, uses_anonymous_args = 0
 314 0104 80B5     		push	{r7, lr}
 315              	.LCFI12:
 316              		.cfi_def_cfa_offset 8
 317              		.cfi_offset 7, -8
 318              		.cfi_offset 14, -4
 319 0106 88B0     		sub	sp, sp, #32
 320              	.LCFI13:
 321              		.cfi_def_cfa_offset 40
 322 0108 00AF     		add	r7, sp, #0
 323              	.LCFI14:
 324              		.cfi_def_cfa_register 7
 325 010a 0246     		mov	r2, r0
 326 010c 0B46     		mov	r3, r1
 327 010e FA71     		strb	r2, [r7, #7]
 328 0110 BB71     		strb	r3, [r7, #6]
 176:../src/stm32f4_discovery.c ****   GPIO_InitTypeDef GPIO_InitStructure;
 177:../src/stm32f4_discovery.c ****   EXTI_InitTypeDef EXTI_InitStructure;
 178:../src/stm32f4_discovery.c ****   NVIC_InitTypeDef NVIC_InitStructure;
 179:../src/stm32f4_discovery.c **** 
 180:../src/stm32f4_discovery.c ****   /* Enable the BUTTON Clock */
 181:../src/stm32f4_discovery.c ****   RCC_AHB1PeriphClockCmd(BUTTON_CLK[Button], ENABLE);
 329              		.loc 1 181 0
 330 0112 FA79     		ldrb	r2, [r7, #7]	@ zero_extendqisi2
 331 0114 2C4B     		ldr	r3, .L15
 332 0116 53F82230 		ldr	r3, [r3, r2, lsl #2]
 333 011a 1846     		mov	r0, r3
 334 011c 4FF00101 		mov	r1, #1
 335 0120 FFF7FEFF 		bl	RCC_AHB1PeriphClockCmd
 182:../src/stm32f4_discovery.c ****   RCC_APB2PeriphClockCmd(RCC_APB2Periph_SYSCFG, ENABLE);
 336              		.loc 1 182 0
 337 0124 4FF48040 		mov	r0, #16384
 338 0128 4FF00101 		mov	r1, #1
 339 012c FFF7FEFF 		bl	RCC_APB2PeriphClockCmd
 183:../src/stm32f4_discovery.c **** 
 184:../src/stm32f4_discovery.c ****   /* Configure Button pin as input */
 185:../src/stm32f4_discovery.c ****   GPIO_InitStructure.GPIO_Mode = GPIO_Mode_IN;
 340              		.loc 1 185 0
 341 0130 4FF00003 		mov	r3, #0
 342 0134 3B77     		strb	r3, [r7, #28]
 186:../src/stm32f4_discovery.c ****   GPIO_InitStructure.GPIO_PuPd = GPIO_PuPd_NOPULL;
 343              		.loc 1 186 0
 344 0136 4FF00003 		mov	r3, #0
 345 013a FB77     		strb	r3, [r7, #31]
 187:../src/stm32f4_discovery.c ****   GPIO_InitStructure.GPIO_Pin = BUTTON_PIN[Button];
 346              		.loc 1 187 0
 347 013c FA79     		ldrb	r2, [r7, #7]	@ zero_extendqisi2
 348 013e 234B     		ldr	r3, .L15+4
 349 0140 33F81230 		ldrh	r3, [r3, r2, lsl #1]
 350 0144 BB61     		str	r3, [r7, #24]
 188:../src/stm32f4_discovery.c ****   GPIO_Init(BUTTON_PORT[Button], &GPIO_InitStructure);
 351              		.loc 1 188 0
 352 0146 FA79     		ldrb	r2, [r7, #7]	@ zero_extendqisi2
 353 0148 214B     		ldr	r3, .L15+8
 354 014a 53F82220 		ldr	r2, [r3, r2, lsl #2]
 355 014e 07F11803 		add	r3, r7, #24
 356 0152 1046     		mov	r0, r2
 357 0154 1946     		mov	r1, r3
 358 0156 FFF7FEFF 		bl	GPIO_Init
 189:../src/stm32f4_discovery.c **** 
 190:../src/stm32f4_discovery.c ****   if (Button_Mode == BUTTON_MODE_EXTI)
 359              		.loc 1 190 0
 360 015a BB79     		ldrb	r3, [r7, #6]	@ zero_extendqisi2
 361 015c 012B     		cmp	r3, #1
 362 015e 2ED1     		bne	.L13
 191:../src/stm32f4_discovery.c ****   {
 192:../src/stm32f4_discovery.c ****     /* Connect Button EXTI Line to Button GPIO Pin */
 193:../src/stm32f4_discovery.c ****     SYSCFG_EXTILineConfig(BUTTON_PORT_SOURCE[Button], BUTTON_PIN_SOURCE[Button]);
 363              		.loc 1 193 0
 364 0160 FB79     		ldrb	r3, [r7, #7]	@ zero_extendqisi2
 365 0162 1C4A     		ldr	r2, .L15+12
 366 0164 D25C     		ldrb	r2, [r2, r3]	@ zero_extendqisi2
 367 0166 FB79     		ldrb	r3, [r7, #7]	@ zero_extendqisi2
 368 0168 1B49     		ldr	r1, .L15+16
 369 016a CB5C     		ldrb	r3, [r1, r3]	@ zero_extendqisi2
 370 016c 1046     		mov	r0, r2
 371 016e 1946     		mov	r1, r3
 372 0170 FFF7FEFF 		bl	SYSCFG_EXTILineConfig
 194:../src/stm32f4_discovery.c **** 
 195:../src/stm32f4_discovery.c ****     /* Configure Button EXTI line */
 196:../src/stm32f4_discovery.c ****     EXTI_InitStructure.EXTI_Line = BUTTON_EXTI_LINE[Button];
 373              		.loc 1 196 0
 374 0174 FA79     		ldrb	r2, [r7, #7]	@ zero_extendqisi2
 375 0176 194B     		ldr	r3, .L15+20
 376 0178 33F81230 		ldrh	r3, [r3, r2, lsl #1]
 377 017c 3B61     		str	r3, [r7, #16]
 197:../src/stm32f4_discovery.c ****     EXTI_InitStructure.EXTI_Mode = EXTI_Mode_Interrupt;
 378              		.loc 1 197 0
 379 017e 4FF00003 		mov	r3, #0
 380 0182 3B75     		strb	r3, [r7, #20]
 198:../src/stm32f4_discovery.c ****     EXTI_InitStructure.EXTI_Trigger = EXTI_Trigger_Rising;
 381              		.loc 1 198 0
 382 0184 4FF00803 		mov	r3, #8
 383 0188 7B75     		strb	r3, [r7, #21]
 199:../src/stm32f4_discovery.c ****     EXTI_InitStructure.EXTI_LineCmd = ENABLE;
 384              		.loc 1 199 0
 385 018a 4FF00103 		mov	r3, #1
 386 018e BB75     		strb	r3, [r7, #22]
 200:../src/stm32f4_discovery.c ****     EXTI_Init(&EXTI_InitStructure);
 387              		.loc 1 200 0
 388 0190 07F11003 		add	r3, r7, #16
 389 0194 1846     		mov	r0, r3
 390 0196 FFF7FEFF 		bl	EXTI_Init
 201:../src/stm32f4_discovery.c **** 
 202:../src/stm32f4_discovery.c ****     /* Enable and set Button EXTI Interrupt to the lowest priority */
 203:../src/stm32f4_discovery.c ****     NVIC_InitStructure.NVIC_IRQChannel = BUTTON_IRQn[Button];
 391              		.loc 1 203 0
 392 019a FB79     		ldrb	r3, [r7, #7]	@ zero_extendqisi2
 393 019c 104A     		ldr	r2, .L15+24
 394 019e D35C     		ldrb	r3, [r2, r3]	@ zero_extendqisi2
 395 01a0 3B73     		strb	r3, [r7, #12]
 204:../src/stm32f4_discovery.c ****     NVIC_InitStructure.NVIC_IRQChannelPreemptionPriority = 0x0F;
 396              		.loc 1 204 0
 397 01a2 4FF00F03 		mov	r3, #15
 398 01a6 7B73     		strb	r3, [r7, #13]
 205:../src/stm32f4_discovery.c ****     NVIC_InitStructure.NVIC_IRQChannelSubPriority = 0x0F;
 399              		.loc 1 205 0
 400 01a8 4FF00F03 		mov	r3, #15
 401 01ac BB73     		strb	r3, [r7, #14]
 206:../src/stm32f4_discovery.c ****     NVIC_InitStructure.NVIC_IRQChannelCmd = ENABLE;
 402              		.loc 1 206 0
 403 01ae 4FF00103 		mov	r3, #1
 404 01b2 FB73     		strb	r3, [r7, #15]
 207:../src/stm32f4_discovery.c **** 
 208:../src/stm32f4_discovery.c ****     NVIC_Init(&NVIC_InitStructure);
 405              		.loc 1 208 0
 406 01b4 07F10C03 		add	r3, r7, #12
 407 01b8 1846     		mov	r0, r3
 408 01ba FFF7FEFF 		bl	NVIC_Init
 409              	.L13:
 209:../src/stm32f4_discovery.c ****   }
 210:../src/stm32f4_discovery.c **** }
 410              		.loc 1 210 0
 411 01be 07F12007 		add	r7, r7, #32
 412 01c2 BD46     		mov	sp, r7
 413 01c4 80BD     		pop	{r7, pc}
 414              	.L16:
 415 01c6 00BF     		.align	2
 416              	.L15:
 417 01c8 00000000 		.word	BUTTON_CLK
 418 01cc 00000000 		.word	BUTTON_PIN
 419 01d0 00000000 		.word	BUTTON_PORT
 420 01d4 00000000 		.word	BUTTON_PORT_SOURCE
 421 01d8 00000000 		.word	BUTTON_PIN_SOURCE
 422 01dc 00000000 		.word	BUTTON_EXTI_LINE
 423 01e0 00000000 		.word	BUTTON_IRQn
 424              		.cfi_endproc
 425              	.LFE114:
 427              		.align	2
 428              		.global	STM_EVAL_PBGetState
 429              		.thumb
 430              		.thumb_func
 432              	STM_EVAL_PBGetState:
 433              	.LFB115:
 211:../src/stm32f4_discovery.c **** 
 212:../src/stm32f4_discovery.c **** /**
 213:../src/stm32f4_discovery.c ****   * @brief  Returns the selected Button state.
 214:../src/stm32f4_discovery.c ****   * @param  Button: Specifies the Button to be checked.
 215:../src/stm32f4_discovery.c ****   *   This parameter should be: BUTTON_USER
 216:../src/stm32f4_discovery.c ****   * @retval The Button GPIO pin value.
 217:../src/stm32f4_discovery.c ****   */
 218:../src/stm32f4_discovery.c **** uint32_t STM_EVAL_PBGetState(Button_TypeDef Button)
 219:../src/stm32f4_discovery.c **** {
 434              		.loc 1 219 0
 435              		.cfi_startproc
 436              		@ args = 0, pretend = 0, frame = 8
 437              		@ frame_needed = 1, uses_anonymous_args = 0
 438 01e4 80B5     		push	{r7, lr}
 439              	.LCFI15:
 440              		.cfi_def_cfa_offset 8
 441              		.cfi_offset 7, -8
 442              		.cfi_offset 14, -4
 443 01e6 82B0     		sub	sp, sp, #8
 444              	.LCFI16:
 445              		.cfi_def_cfa_offset 16
 446 01e8 00AF     		add	r7, sp, #0
 447              	.LCFI17:
 448              		.cfi_def_cfa_register 7
 449 01ea 0346     		mov	r3, r0
 450 01ec FB71     		strb	r3, [r7, #7]
 220:../src/stm32f4_discovery.c ****   return GPIO_ReadInputDataBit(BUTTON_PORT[Button], BUTTON_PIN[Button]);
 451              		.loc 1 220 0
 452 01ee FA79     		ldrb	r2, [r7, #7]	@ zero_extendqisi2
 453 01f0 084B     		ldr	r3, .L19
 454 01f2 53F82220 		ldr	r2, [r3, r2, lsl #2]
 455 01f6 F979     		ldrb	r1, [r7, #7]	@ zero_extendqisi2
 456 01f8 074B     		ldr	r3, .L19+4
 457 01fa 33F81130 		ldrh	r3, [r3, r1, lsl #1]
 458 01fe 1046     		mov	r0, r2
 459 0200 1946     		mov	r1, r3
 460 0202 FFF7FEFF 		bl	GPIO_ReadInputDataBit
 461 0206 0346     		mov	r3, r0
 221:../src/stm32f4_discovery.c **** }
 462              		.loc 1 221 0
 463 0208 1846     		mov	r0, r3
 464 020a 07F10807 		add	r7, r7, #8
 465 020e BD46     		mov	sp, r7
 466 0210 80BD     		pop	{r7, pc}
 467              	.L20:
 468 0212 00BF     		.align	2
 469              	.L19:
 470 0214 00000000 		.word	BUTTON_PORT
 471 0218 00000000 		.word	BUTTON_PIN
 472              		.cfi_endproc
 473              	.LFE115:
 475              	.Letext0:
 476              		.file 2 "c:\\program files (x86)\\codesourcery\\sourcery_codebench_lite_for_arm_eabi\\bin\\../lib/
 477              		.file 3 "C:\\Users\\Gergo\\workspace\\estevan\\Libraries\\Device\\STM32F4xx\\Include/stm32f4xx.h"
 478              		.file 4 "C:\\Users\\Gergo\\workspace\\estevan\\Libraries\\STM32F4xx_StdPeriph_Driver\\inc/stm32f4x
 479              		.file 5 "C:\\Users\\Gergo\\workspace\\estevan\\Libraries\\STM32F4xx_StdPeriph_Driver\\inc/stm32f4x
 480              		.file 6 "C:\\Users\\Gergo\\workspace\\estevan\\Libraries\\STM32F4xx_StdPeriph_Driver\\inc/misc.h"
 481              		.file 7 "../src/stm32f4_discovery.h"
 482              		.file 8 "C:\\Users\\Gergo\\workspace\\estevan\\Libraries\\CMSIS\\Include/core_cm4.h"
DEFINED SYMBOLS
                            *ABS*:00000000 stm32f4_discovery.c
C:\Users\Gergo\AppData\Local\Temp\ccdsXKGZ.s:23     .data:00000000 GPIO_PORT
C:\Users\Gergo\AppData\Local\Temp\ccdsXKGZ.s:20     .data:00000000 $d
C:\Users\Gergo\AppData\Local\Temp\ccdsXKGZ.s:33     .rodata:00000000 GPIO_PIN
C:\Users\Gergo\AppData\Local\Temp\ccdsXKGZ.s:30     .rodata:00000000 $d
C:\Users\Gergo\AppData\Local\Temp\ccdsXKGZ.s:42     .rodata:00000008 GPIO_CLK
C:\Users\Gergo\AppData\Local\Temp\ccdsXKGZ.s:52     .data:00000010 BUTTON_PORT
C:\Users\Gergo\AppData\Local\Temp\ccdsXKGZ.s:59     .rodata:00000018 BUTTON_PIN
C:\Users\Gergo\AppData\Local\Temp\ccdsXKGZ.s:65     .rodata:0000001c BUTTON_CLK
C:\Users\Gergo\AppData\Local\Temp\ccdsXKGZ.s:71     .rodata:00000020 BUTTON_EXTI_LINE
C:\Users\Gergo\AppData\Local\Temp\ccdsXKGZ.s:77     .rodata:00000024 BUTTON_PORT_SOURCE
C:\Users\Gergo\AppData\Local\Temp\ccdsXKGZ.s:83     .rodata:00000028 BUTTON_PIN_SOURCE
C:\Users\Gergo\AppData\Local\Temp\ccdsXKGZ.s:89     .rodata:0000002c BUTTON_IRQn
                            *COM*:00000004 NVIC_InitStructure
C:\Users\Gergo\AppData\Local\Temp\ccdsXKGZ.s:93     .text:00000000 $t
C:\Users\Gergo\AppData\Local\Temp\ccdsXKGZ.s:98     .text:00000000 STM_EVAL_LEDInit
C:\Users\Gergo\AppData\Local\Temp\ccdsXKGZ.s:157    .text:0000005c $d
C:\Users\Gergo\AppData\Local\Temp\ccdsXKGZ.s:163    .text:00000068 $t
C:\Users\Gergo\AppData\Local\Temp\ccdsXKGZ.s:168    .text:00000068 STM_EVAL_LEDOn
C:\Users\Gergo\AppData\Local\Temp\ccdsXKGZ.s:203    .text:00000090 $d
C:\Users\Gergo\AppData\Local\Temp\ccdsXKGZ.s:208    .text:00000098 $t
C:\Users\Gergo\AppData\Local\Temp\ccdsXKGZ.s:213    .text:00000098 STM_EVAL_LEDOff
C:\Users\Gergo\AppData\Local\Temp\ccdsXKGZ.s:248    .text:000000c0 $d
C:\Users\Gergo\AppData\Local\Temp\ccdsXKGZ.s:253    .text:000000c8 $t
C:\Users\Gergo\AppData\Local\Temp\ccdsXKGZ.s:258    .text:000000c8 STM_EVAL_LEDToggle
C:\Users\Gergo\AppData\Local\Temp\ccdsXKGZ.s:298    .text:000000fc $d
C:\Users\Gergo\AppData\Local\Temp\ccdsXKGZ.s:303    .text:00000104 $t
C:\Users\Gergo\AppData\Local\Temp\ccdsXKGZ.s:308    .text:00000104 STM_EVAL_PBInit
C:\Users\Gergo\AppData\Local\Temp\ccdsXKGZ.s:417    .text:000001c8 $d
C:\Users\Gergo\AppData\Local\Temp\ccdsXKGZ.s:427    .text:000001e4 $t
C:\Users\Gergo\AppData\Local\Temp\ccdsXKGZ.s:432    .text:000001e4 STM_EVAL_PBGetState
C:\Users\Gergo\AppData\Local\Temp\ccdsXKGZ.s:470    .text:00000214 $d
                     .debug_frame:00000010 $d
                           .group:00000000 wm4.1.fa6ddc8087252f7ec15b7f8b8133d3d8
                           .group:00000000 wm4.stm32f4xx.h.48.0b3cda0630bac1bf9be1255cab0e1f3b
                           .group:00000000 wm4.core_cm4.h.32.f824aba4d431a5bb4a51726bd5b62834
                           .group:00000000 wm4.stdint.h.10.90b695f550ca6cc3fb08fa83baf01e05
                           .group:00000000 wm4.core_cmInstr.h.25.f50f886f2edf670cf199b35fd96f5c91
                           .group:00000000 wm4.core_cm4_simd.h.29.b4a3fdfb606cb3b26119424324d4b963
                           .group:00000000 wm4.core_cm4.h.153.5393ef7e6cebf34dd51ca528f9218ab3
                           .group:00000000 wm4.stm32f4xx.h.283.d309488c8c88fbc6a572fb5ddb72ae02
                           .group:00000000 wm4.stm32f4xx_exti.h.54.435fdeac3da378720d6c1615172f0bf3
                           .group:00000000 wm4.stm32f4xx_gpio.h.25.5bd1d790d742a307b55aea5fa8fcdae8
                           .group:00000000 wm4.stm32f4xx_rcc.h.24.a10ec6e94989efb0f8f7f56448e9bb60
                           .group:00000000 wm4.stm32f4xx_syscfg.h.25.9d5caab5677661b69e959531364e23d7
                           .group:00000000 wm4.stm32f4xx_tim.h.25.948f7fc943f34bd206e29758e77ee0a2
                           .group:00000000 wm4.misc.h.25.a0cb758c1f091b46f201b19cec9e63a1
                           .group:00000000 wm4.stm32f4xx.h.6967.11efd59d6a7da8b33ccb47eb4d57a5b3
                           .group:00000000 wm4.stm32f4_discovery.h.62.6b59bc417779a003ad3cbd1b6e272151

UNDEFINED SYMBOLS
RCC_AHB1PeriphClockCmd
GPIO_Init
RCC_APB2PeriphClockCmd
SYSCFG_EXTILineConfig
EXTI_Init
NVIC_Init
GPIO_ReadInputDataBit
